#LOR:interbit defrt1!interbit
aacc defrt1!aacc
aaccvm bsmtp3!mailer!aaccvm
academ01 defrt1!academ01
academic bsmtp3!mailer!academic
acmvm bsmtp3!mailer!acmvm
acusd defrt1!acusd
acuvax defrt1!acuvax
aearn defrt1!aearn
agu defrt1!agu
ainuni01 bsmtp3!mailer!ainuni01
aip defrt1!aip
akronvm bsmtp3!mailer!akronvm
alaska bsmtp3!mailer!alaska
albany defrt1!albany
albion bsmtp3!smtpuser!albion
albneric bsmtp3!mailer!albneric
albny1vx defrt1!albny1vx
albnyatm bsmtp3!mailer!albnyatm
albnydh1 bsmtp3!mailer!albnydh1
albnydh2 bsmtp3!mailer!albnydh2
albnyvm1 bsmtp3!mailer!albnyvm1
albnyvms bsmtp3!mailer!albnyvms
alehtl11 bsmtp3!mailer!alehtl11
alfredu defrt1!alfredu
alijku11 bsmtp3!mailer!alijku11
alijku21 bsmtp3!mailer!alijku21
alisuvax bsmtp3!smtpuser!alisuvax
allegvm bsmtp3!mailer!allegvm
alloy defrt1!alloy
almaden defrt1!almaden
almond defrt1!almond
almvma defrt1!almvma
almvmd defrt1!almvmd
almvmz defrt1!almvmz
amh defrt1!amh
amhbit defrt1!amhbit
amherst bsmtp3!mailer!amherst
amhtst defrt1!amhtst
anahuac bsmtp3!mailer!anahuac
anbior defrt1!anbior
andescol bsmtp3!mailer!andescol
andrew defrt1!andrew
andy defrt1!andy
anladm1 defrt1!anladm1
anladm2 defrt1!anladm2
anlaps defrt1!anlaps
anlbem defrt1!anlbem
anlchm defrt1!anlchm
anlcmt defrt1!anlcmt
anlcv1 defrt1!anlcv1
anlel defrt1!anlel
anlemc defrt1!anlemc
anler defrt1!anler
anlhep defrt1!anlhep
anllpd defrt1!anllpd
anlmst defrt1!anlmst
anlmvsxa defrt1!anlmvsxa
anlnbi defrt1!anlnbi
anlnrh defrt1!anlnrh
anlos defrt1!anlos
anlphy defrt1!anlphy
anlpns defrt1!anlpns
anlvm bsmtp3!mailer!anlvm
anlvmsna bsmtp3!mailer!anlvmsna
anlvmv1 bsmtp3!mailer!anlvmv1
annenres bsmtp3!mailer!annenres
antioch bsmtp3!mailer!antioch
aplcen defrt1!aplcen
aplmvs bsmtp3!aplml!aplmvs
aplvm bsmtp3!mailer!aplvm
apps defrt1!apps
appstate bsmtp3!mailer!appstate
aps defrt1!aps
apsedoff bsmtp3!mailer!apsedoff
apsu defrt1!apsu
arcdbavm bsmtp3!mailer!arcdbavm
arcriba defrt1!arcriba
arfiuba bsmtp3!mailer!arfiuba
argcne bsmtp3!mailer!argcne
argcnea1 bsmtp3!mailer!argcnea1
argcnea2 bsmtp3!mailer!argcnea2
ariadne bsmtp3!mailer!ariadne
arib51 defrt1!arib51
arizbpa defrt1!arizbpa
arizjvax defrt1!arizjvax
arizmis defrt1!arizmis
arizmvs1 defrt1!arizmvs1
arizona bsmtp3!smtpuser!arizona
arizrvax defrt1!arizrvax
arizvm1 bsmtp3!mailer!arizvm1
arizvms bsmtp3!mailer!arizvms
arosario bsmtp3!mailer!arosario
arsaipl bsmtp3!mailer!arsaipl
arunne bsmtp3!mailer!arunne
arutncai defrt1!arutncai
asu bsmtp3!mailer!asu
asu1 defrt1!asu1
asu2 defrt1!asu2
asuacad bsmtp3!mailer!asuacad
asuacvax bsmtp3!mailer!asuacvax
asuchm defrt1!asuchm
asuic defrt1!asuic
atgbox bsmtp3!mailer!atgbox
atsuvax1 defrt1!atsuvax1
aua defrt1!aua
auducvax bsmtp3!mailer!auducvax
austen defrt1!austen
auvm bsmtp3!mailer!auvm
awiiae21 defrt1!awiiae21
awiimc11 bsmtp3!mailer!awiimc11
awiimc12 bsmtp3!mailer!awiimc12
awirap bsmtp3!mailer!awirap
awituw64 bsmtp3!mailer!awituw64
awiund21 defrt1!awiund21
awiuni11 bsmtp3!mailer!awiuni11
awiwuw11 bsmtp3!mailer!awiwuw11
awtims defrt1!awtims
babson bsmtp3!mailer!babson
bacon defrt1!bacon
bagamcok bsmtp3!mailer!bagamcok
banruc60 defrt1!banruc60
banufs11 bsmtp3!mailer!banufs11
banufs12 bsmtp3!mailer!banufs12
banuia61 defrt1!banuia61
barilan bsmtp3!mailer!barilan
barilvm bsmtp3!mailer!barilvm
barryu defrt1!barryu
baruch bsmtp3!mailer!baruch
batata defrt1!batata
baylor bsmtp3!smtpuser!baylor
baylrhsb defrt1!baylrhsb
bbadmin bsmtp3!mailer!bbadmin
bbrbfu60 defrt1!bbrbfu60
bbribm11 defrt1!bbribm11
bbrnsf11 bsmtp3!vmmail!bbrnsf11
bbrrms51 defrt1!bbrrms51
bbrulb11 bsmtp3!vmmail!bbrulb11
bbrvki51 defrt1!bbrvki51
bc750 defrt1!bc750
bcchem defrt1!bcchem
bcit bsmtp3!mailer!bcit
bcsc02 defrt1!bcsc02
bcvax1 defrt1!bcvax1
bcvax2 defrt1!bcvax2
bcvmcms bsmtp3!mailer!bcvmcms
bcvms defrt1!bcvms
bdiehl11 bsmtp3!mailer!bdiehl11
bdiluc01 defrt1!bdiluc01
bearn bsmtp3!mailer!bearn
bengus defrt1!bengus
bentley bsmtp3!pmdf!bentley
bfd defrt1!bfd
bgcict defrt1!bgcict
bgearn bsmtp3!mailer!bgearn
bgerug51 bsmtp3!smtpuser!bgerug51
bgsuopie defrt1!bgsuopie
bguee defrt1!bguee
bgunos bsmtp3!mailer!bgunos
bgunve bsmtp3!mailer!bgunve
bguvm bsmtp3!mailer!bguvm
bguvms bsmtp3!mailer!bguvms
bgxfsa51 defrt1!bgxfsa51
bhuob00 bsmtp3!mailer!bhuob00
bimacs bsmtp3!mailer!bimacs
bingtjw defrt1!bingtjw
bingvaxa defrt1!bingvaxa
bingvmb bsmtp3!mailer!bingvmb
biovax defrt1!biovax
bitnic bsmtp3!mailer!bitnic
bklyn bsmtp3!mailer!bklyn
bklyncis defrt1!bklyncis
bklynmvs defrt1!bklynmvs
blekul11 bsmtp3!mailer!blekul11
blekul21 bsmtp3!mailer!blekul21
blekul50 defrt1!blekul50
bliulg11 bsmtp3!mailer!bliulg11
blue defrt1!blue
bm002 bsmtp3!mailer!bm002
bmacadm bsmtp3!mailer!bmacadm
bmlsck11 bsmtp3!mailer!bmlsck11
bmsr defrt1!bmsr
bmsuem11 bsmtp3!mailer!bmsuem11
bnandp10 defrt1!bnandp10
bnandp11 bsmtp3!mailer!bnandp11
bnandp51 bsmtp3!smtpuser!bnandp51
bnl bsmtp3!mailer!bnl
bnlchm defrt1!bnlchm
bnlcl1 bsmtp3!mailer!bnlcl1
bnldag defrt1!bnldag
bnlux1 bsmtp3!mailer!bnlux1
bobcat defrt1!bobcat
bootes defrt1!bootes
bpavms defrt1!bpavms
brandeis defrt1!brandeis
brandlog defrt1!brandlog
brcetesb bsmtp3!mailer!brcetesb
brcfetmg bsmtp3!mailer!brcfetmg
brcprm defrt1!brcprm
brfapesp bsmtp3!smtpuser!brfapesp
brfapg bsmtp3!smtpuser!brfapg
brfapq defrt1!brfapq
brfua defrt1!brfua
brfucapi defrt1!brfucapi
brfuel bsmtp3!mailer!brfuel
brfuem bsmtp3!mailer!brfuem
brfuepg defrt1!brfuepg
brfurg defrt1!brfurg
bribge defrt1!bribge
bript defrt1!bript
brlncc bsmtp3!mailer!brlncc
brmar defrt1!brmar
brmec bsmtp3!mailer!brmec
brockvma defrt1!brockvma
broome bsmtp3!mailer!broome
browncog defrt1!browncog
browncs defrt1!browncs
brownhep defrt1!brownhep
brownvm bsmtp3!mailer!brownvm
brpucrs bsmtp3!mailer!brpucrs
brpucrsm defrt1!brpucrsm
brpucrsn defrt1!brpucrsn
brscmsp defrt1!brscmsp
bruc defrt1!bruc
bruece defrt1!bruece
bruerj bsmtp3!mailer!bruerj
bruerjm defrt1!bruerjm
bruesp defrt1!bruesp
brufba bsmtp3!mailer!brufba
brufbamu bsmtp3!mailer!brufbamu
brufes defrt1!brufes
bruff bsmtp3!mailer!bruff
brufmg bsmtp3!mailer!brufmg
brufmgmu defrt1!brufmgmu
brufms defrt1!brufms
brufpb bsmtp3!mailer!brufpb
brufpb2 bsmtp3!mailer!brufpb2
brufpel defrt1!brufpel
brufpr defrt1!brufpr
brufrgs bsmtp3!smtpuser!brufrgs
brufrn bsmtp3!mailer!brufrn
brufsc bsmtp3!mailer!brufsc
brufsc2 bsmtp3!mailer!brufsc2
brufse defrt1!brufse
brufsm bsmtp3!mailer!brufsm
brufu bsmtp3!mailer!brufu
brufv bsmtp3!mailer!brufv
brufvmus defrt1!brufvmus
brunb bsmtp3!mailer!brunb
brunijui bsmtp3!mailer!brunijui
brusp defrt1!brusp
bruspmu bsmtp3!mailer!bruspmu
bruspmvs defrt1!bruspmvs
bruspsce bsmtp3!mailer!bruspsce
bruspvm bsmtp3!mailer!bruspvm
bsuvax1 bsmtp3!smtpuser!bsuvax1
btapps defrt1!btapps
buacca bsmtp3!mailer!buacca
buclln11 bsmtp3!mailer!buclln11
bucsi0 defrt1!bucsi0
budget bsmtp3!mailer!budget
buisa defrt1!buisa
bumfga defrt1!bumfga
butleru bsmtp3!mailer!butleru
buvax1 bsmtp3!smtpuser!buvax1
buvax2 bsmtp3!smtpuser!buvax2
bx001 bsmtp3!mailer!bx001
byron defrt1!byron
byulaw defrt1!byulaw
byustat1 defrt1!byustat1
byustat3 defrt1!byustat3
byuvax bsmtp3!mailer!byuvax
byuvax1 defrt1!byuvax1
byuvax2 defrt1!byuvax2
byuvm defrt1!byuvm
cac defrt1!cac
cageir5a defrt1!cageir5a
calpoly bsmtp3!mailer!calpoly
calstate bsmtp3!smtpuser!calstate
caltech bsmtp3!mailer!caltech
canada01 defrt1!canada01
cancer defrt1!cancer
canisius bsmtp3!mailer!canisius
carenic bsmtp3!mailer!carenic
carnegie bsmtp3!mailer!carnegie
carson defrt1!carson
catcc defrt1!catcc
catlin bsmtp3!smtpuser!catlin
cats defrt1!cats
cbrown defrt1!cbrown
ccny bsmtp3!mailer!ccny
ccnysci defrt1!ccnysci
ccnyvax1 defrt1!ccnyvax1
ccnyvme bsmtp3!mailer!ccnyvme
ccnyvmf defrt1!ccnyvmf
ccqc defrt1!ccqc
ccsuvm1 defrt1!ccsuvm1
ccvax bsmtp3!smtpuser!ccvax
cddis1 defrt1!cddis1
cearn bsmtp3!mailer!cearn
cearnv1 bsmtp3!mailer!cearnv1
cebaf bsmtp3!pmdf!cebaf
cebafvax bsmtp3!pmdf!cebafvax
cecvx1 defrt1!cecvx1
cecvx2 defrt1!cecvx2
cepes defrt1!cepes
ceramics defrt1!ceramics
ceride defrt1!ceride
cernadp defrt1!cernadp
cernemu1 bsmtp3!mailer!cernemu1
cernvax bsmtp3!mailer!cernvax
cernvm bsmtp3!mailer!cernvm
cesarvax defrt1!cesarvax
cespivm1 bsmtp3!mailer!cespivm1
cespivm2 bsmtp3!mailer!cespivm2
cfa bsmtp3!mailer!cfa
cfa1 defrt1!cfa1
cfa3 defrt1!cfa3
cfa4 defrt1!cfa4
cfa5 defrt1!cfa5
cfa6 defrt1!cfa6
cfa7 defrt1!cfa7
cfa8 defrt1!cfa8
cfa9 defrt1!cfa9
cfaamp bsmtp3!mailer!cfaamp
cfaku2 defrt1!cfaku2
cfaps2 defrt1!cfaps2
cfr defrt1!cfr
cfruni51 defrt1!cfruni51
cfruni52 defrt1!cfruni52
cfruni53 defrt1!cfruni53
cfrvm bsmtp3!mailer!cfrvm
cfsan8 bsmtp3!mailer!cfsan8
cgc defrt1!cgc
cgecmu51 defrt1!cgecmu51
cgegrd11 bsmtp3!mailer!cgegrd11
cgeswi50 defrt1!cgeswi50
cgeuge11 bsmtp3!mailer!cgeuge11
cgeuge51 defrt1!cgeuge51
cgeuge52 defrt1!cgeuge52
cgeuge53 bsmtp3!smtpuser!cgeuge53
cgeuge54 defrt1!cgeuge54
chaos defrt1!chaos
ciatcol bsmtp3!mailer!ciatcol
cim400 defrt1!cim400
cimaix defrt1!cimaix
cinvesmx defrt1!cinvesmx
citadel bsmtp3!mailer!citadel
citadel1 defrt1!citadel1
citadel2 defrt1!citadel2
citchem bsmtp3!mailer!citchem
citdeimo bsmtp3!mailer!citdeimo
cithe1 bsmtp3!mailer!cithe1
cithex bsmtp3!mailer!cithex
citiago bsmtp3!mailer!citiago
citjulie bsmtp3!mailer!citjulie
citphobo bsmtp3!mailer!citphobo
citromeo bsmtp3!mailer!citromeo
clargrad defrt1!clargrad
clarku bsmtp3!mailer!clarku
clarmath defrt1!clarmath
clemson bsmtp3!mailer!clemson
clsuni51 defrt1!clsuni51
clvm bsmtp3!mailer!clvm
cmccvb bsmtp3!netmail!cmccvb
cmchem defrt1!cmchem
cmivms defrt1!cmivms
cmphys defrt1!cmphys
cmphysme defrt1!cmphysme
cmr001 bsmtp3!mailer!cmr001
cmsuvma bsmtp3!mailer!cmsuvma
cmsuvmb bsmtp3!mailer!cmsuvmb
cmu defrt1!cmu
cmuvm bsmtp3!mailer!cmuvm
cneiph51 defrt1!cneiph51
codvm1 defrt1!codvm1
colgateu defrt1!colgateu
colophys defrt1!colophys
colorado bsmtp3!smtpuser!colorado
colospgs defrt1!colospgs
comosu bsmtp3!smtpuser!comosu
conncoll bsmtp3!mailer!conncoll
conu2 bsmtp3!mailer!conu2
cornell defrt1!cornell
cornella bsmtp3!mal!cornella
cornellc bsmtp3!mal!cornellc
cougar defrt1!cougar
cpac defrt1!cpac
cpcecvm5 bsmtp3!mailer!cpcecvm5
cphkvx defrt1!cphkvx
cpwpsc defrt1!cpwpsc
cpwpsca defrt1!cpwpsca
cpwpscb defrt1!cpwpscb
crcv311 defrt1!crcv311
crenserv defrt1!crenserv
crnlassp defrt1!crnlassp
crnlbit bsmtp3!mal!crnlbit
crnlcam defrt1!crnlcam
crnlches bsmtp3!smtpuser!crnlches
crnlchme defrt1!crnlchme
crnlee defrt1!crnlee
crnlgsm bsmtp3!smtpuser!crnlgsm
crnlion defrt1!crnlion
crnlmsc2 bsmtp3!bsmtp!crnlmsc2
crnlmsc3 bsmtp3!bsmtp!crnlmsc3
crnlmvs defrt1!crnlmvs
crnlns bsmtp3!smtpuser!crnlns
crnlnuc defrt1!crnlnuc
crnlthry defrt1!crnlthry
crnlvax5 bsmtp3!smtpuser!crnlvax5
cruxhypd defrt1!cruxhypd
cruxhypm defrt1!cruxhypm
cruxnhd defrt1!cruxnhd
cruxnhd1 defrt1!cruxnhd1
cruxnhd2 defrt1!cruxnhd2
cruxnhd3 defrt1!cruxnhd3
cruxnmc defrt1!cruxnmc
cruxnmc1 defrt1!cruxnmc1
cruxnmc2 defrt1!cruxnmc2
cruxnmcd defrt1!cruxnmcd
cruxnmce defrt1!cruxnmce
crvxp173 defrt1!crvxp173
csbbys51 defrt1!csbbys51
csbrmu11 bsmtp3!mailer!csbrmu11
csearn bsmtp3!mailer!csearn
csghsg52 defrt1!csghsg52
csghsg53 defrt1!csghsg53
csghsg54 defrt1!csghsg54
csghsg5a defrt1!csghsg5a
csla bsmtp3!mailer!csla
csmcmvax bsmtp3!pmdf!csmcmvax
csmcmvx1 bsmtp3!pmdf!csmcmvx1
csmcmvx2 bsmtp3!pmdf!csmcmvx2
csmcmvx3 bsmtp3!pmdf!csmcmvx3
csmcvax2 bsmtp3!pmdf!csmcvax2
csmcvax3 bsmtp3!pmdf!csmcvax3
csmcvax4 bsmtp3!pmdf!csmcvax4
csmcvax5 bsmtp3!pmdf!csmcvax5
csmcvax6 bsmtp3!pmdf!csmcvax6
cspgas11 bsmtp3!mailer!cspgas11
cspgce11 bsmtp3!mailer!cspgce11
cspgeu11 bsmtp3!mailer!cspgeu11
cspguk11 bsmtp3!mailer!cspguk11
cspuni12 bsmtp3!mailer!cspuni12
csula defrt1!csula
csuohio defrt1!csuohio
cua defrt1!cua
cuavaxa defrt1!cuavaxa
cuavaxb defrt1!cuavaxb
cuavaxc defrt1!cuavaxc
cucard defrt1!cucard
cuccfa defrt1!cuccfa
cuccvx defrt1!cuccvx
cucevx defrt1!cucevx
cuchem defrt1!cuchem
cuchm1 defrt1!cuchm1
cuchm2 defrt1!cuchm2
cuchm3 defrt1!cuchm3
cuchm4 defrt1!cuchm4
cucrd0 defrt1!cucrd0
cucsc bsmtp3!smtpuser!cucsc
cucsvm bsmtp3!mailer!cucsvm
cudenver bsmtp3!mailer!cudenver
cugsbvax defrt1!cugsbvax
cugsbvm bsmtp3!mailer!cugsbvm
cuhkvm bsmtp3!mailer!cuhkvm
cuhsda defrt1!cuhsda
cumin defrt1!cumin
cunixc defrt1!cunixc
cunixf defrt1!cunixf
cunyjes3 defrt1!cunyjes3
cunyvm bsmtp3!mailer!cunyvm
cunyvms1 bsmtp3!mailer!cunyvms1
cunyvmv2 bsmtp3!mailer!cunyvmv2
cuorca defrt1!cuorca
cuorma defrt1!cuorma
cuormb defrt1!cuormb
cuphar defrt1!cuphar
cuphyd defrt1!cuphyd
curly defrt1!curly
cusb defrt1!cusb
cutcv1 defrt1!cutcv1
cutcv2 defrt1!cutcv2
cuthry defrt1!cuthry
cuvma bsmtp3!mailer!cuvma
cuvmb bsmtp3!mailer!cuvmb
cuvmc bsmtp3!email!cuvmc
cuvml bsmtp3!mailer!cuvml
cwru defrt1!cwru
cwu defrt1!cwu
cyearn bsmtp3!mailer!cyearn
czheth1a bsmtp3!mailer!czheth1a
czheth1b defrt1!czheth1b
czheth1c defrt1!czheth1c
czheth3c defrt1!czheth3c
czheth5a defrt1!czheth5a
czhrzu1a defrt1!czhrzu1a
czhrzu2b defrt1!czhrzu2b
d00demo defrt1!d00demo
dacth11 bsmtp3!mailer!dacth11
dacth12 defrt1!dacth12
dacth41 defrt1!dacth41
dacth51 defrt1!dacth51
dad defrt1!dad
dartcms1 bsmtp3!mailer!dartcms1
dastro defrt1!dastro
davidson defrt1!davidson
dayton bsmtp3!smtpuser!dayton
db0dss81 defrt1!db0dss81
db0fub11 bsmtp3!mailer!db0fub11
db0ptz1a defrt1!db0ptz1a
db0tui0 defrt1!db0tui0
db0tui11 bsmtp3!mailer!db0tui11
db0tui62 defrt1!db0tui62
db0tui66 defrt1!db0tui66
db0umw0 defrt1!db0umw0
db0wrz11 bsmtp3!mailer!db0wrz11
dbiuni11 defrt1!dbiuni11
dbiuni19 defrt1!dbiuni19
dbngmd13 bsmtp3!mailer!dbngmd13
dbngmd24 bsmtp3!mailer!dbngmd24
dbngmd55 defrt1!dbngmd55
dbninf5 defrt1!dbninf5
dbnmeb1 defrt1!dbnmeb1
dbnrhrz1 bsmtp3!mailer!dbnrhrz1
dbnrhrz2 defrt1!dbnrhrz2
dbsptb defrt1!dbsptb
dbstu1 bsmtp3!mailer!dbstu1
dcc defrt1!dcc
dcccdbit defrt1!dcccdbit
dcccdm1 defrt1!dcccdm1
dcccdm2 defrt1!dcccdm2
dcccdvm bsmtp3!mailer!dcccdvm
ddagsi1 bsmtp3!mailer!ddagsi1
ddagsi3 defrt1!ddagsi3
ddagsi5 defrt1!ddagsi5
ddathd21 defrt1!ddathd21
ddohrz11 bsmtp3!mailer!ddohrz11
de0hrz1a bsmtp3!mailer!de0hrz1a
de0wtz1a defrt1!de0wtz1a
dearn bsmtp3!mailer!dearn
decus bsmtp3!mailer!decus
decusa defrt1!decusa
decusb defrt1!decusb
decusc defrt1!decusc
decusd defrt1!decusd
delgado bsmtp3!mailer!delgado
denison bsmtp3!mailer!denison
denisonb defrt1!denisonb
depaul defrt1!depaul
depaulo defrt1!depaulo
depauw bsmtp3!mailer!depauw
derrze0 defrt1!derrze0
derrze1 defrt1!derrze1
desyvax bsmtp3!mailer!desyvax
devax defrt1!devax
dfngate bsmtp3!mailer!dfngate
dftbit defrt1!dftbit
dgaeso51 defrt1!dgaeso51
dgagrs2a defrt1!dgagrs2a
dgaipp1s defrt1!dgaipp1s
dgampe5d defrt1!dgampe5d
dghgkss4 defrt1!dghgkss4
dgogwdg1 bsmtp3!mailer!dgogwdg1
dgogwdg5 defrt1!dgogwdg5
dgowiso1 defrt1!dgowiso1
dhafeu11 bsmtp3!mailer!dhafeu11
dhafeu51 defrt1!dhafeu51
dhafeu61 defrt1!dhafeu61
dhbrrz11 defrt1!dhbrrz11
dhbrrz41 defrt1!dhbrrz41
dhdibm1 bsmtp3!mailer!dhdibm1
dhdibmip defrt1!dhdibmip
dhdihep1 defrt1!dhdihep1
dhdihep5 defrt1!dhdihep5
dhdmpi5 defrt1!dhdmpi5
dhdmpi50 defrt1!dhdmpi50
dhdmpi51 defrt1!dhdmpi51
dhdmpi52 defrt1!dhdmpi52
dhdmpi53 defrt1!dhdmpi53
dhdmpi5h defrt1!dhdmpi5h
dhdmpi5v defrt1!dhdmpi5v
dhdphy5 defrt1!dhdphy5
dhdspri6 defrt1!dhdspri6
dhdurz1 bsmtp3!mailer!dhdurz1
dhdurz2 defrt1!dhdurz2
dhhdesy3 defrt1!dhhdesy3
dhhuni1 defrt1!dhhuni1
dhhuni4 defrt1!dhhuni4
dhiavm defrt1!dhiavm
dhvmhh1 bsmtp3!mailer!dhvmhh1
dickinsn bsmtp3!bsmtp!dickinsn
djukfa11 bsmtp3!vmmailer!djukfa11
djukfa21 defrt1!djukfa21
djukfa52 defrt1!djukfa52
dk0rrzk1 defrt1!dk0rrzk1
dk0rrzk2 defrt1!dk0rrzk2
dk0umi1 defrt1!dk0umi1
dk0umi12 defrt1!dk0umi12
dk0za1 defrt1!dk0za1
dkafhs1 defrt1!dkafhs1
dkakfk3 defrt1!dkakfk3
dkauni2 bsmtp3!mailer!dkauni2
dkauni4v defrt1!dkauni4v
dkearn defrt1!dkearn
dkluni01 defrt1!dkluni01
dkluni85 defrt1!dkluni85
dkluni86 defrt1!dkluni86
dknkurz1 bsmtp3!mailer!dknkurz1
dksfi11 defrt1!dksfi11
dktc11 defrt1!dktc11
dkunic12 defrt1!dkunic12
dlrmvs defrt1!dlrmvs
dlrvm bsmtp3!mailer!dlrvm
dlrvmbs defrt1!dlrvmbs
dlrvmgo defrt1!dlrvmgo
dlrvmkp defrt1!dlrvmkp
dlrvmla defrt1!dlrvmla
dlrvmst defrt1!dlrvmst
dm0mpf11 defrt1!dm0mpf11
dmarum8 defrt1!dmarum8
dmdtu11 bsmtp3!mailer!dmdtu11
dmrhrz11 defrt1!dmrhrz11
dmswwu1a bsmtp3!mailer!dmswwu1a
dmswwu1c defrt1!dmswwu1c
dmswwu2e bsmtp3!mailer!dmswwu2e
dmumpimv defrt1!dmumpimv
dmumpint bsmtp3!mailer!dmumpint
dmumpiwh bsmtp3!mailer!dmumpiwh
doe defrt1!doe
doece defrt1!doece
doecp defrt1!doecp
doecx defrt1!doecx
doedp defrt1!doedp
doeeh defrt1!doeeh
doeer defrt1!doeer
doeew defrt1!doeew
doegc defrt1!doegc
doeie defrt1!doeie
doema defrt1!doema
doene defrt1!doene
doenp defrt1!doenp
doens defrt1!doens
doepa defrt1!doepa
doepe defrt1!doepe
doerw defrt1!doerw
does1 defrt1!does1
doevm bsmtp3!mailer!doevm
doluni1 bsmtp3!mailer!doluni1
dosuni1 bsmtp3!mailer!dosuni1
draco defrt1!draco
drew defrt1!drew
drunivac defrt1!drunivac
drycas bsmtp3!netmail!drycas
ds0ruh11 bsmtp3!mailer!ds0ruh11
duadmin defrt1!duadmin
ducair defrt1!ducair
dudev defrt1!dudev
duke bsmtp3!mailer!duke
dukefsb bsmtp3!mailer!dukefsb
dukemc defrt1!dukemc
dukemvs bsmtp3!mailer!dukemvs
dulfaw1a bsmtp3!mailer!dulfaw1a
dulruu51 defrt1!dulruu51
dulruu52 defrt1!dulruu52
dulruu53 defrt1!dulruu53
duphy1 bsmtp3!mailer!duphy1
duphy4 defrt1!duphy4
duvm bsmtp3!mailer!duvm
ealiun11 defrt1!ealiun11
earlham bsmtp3!pmdf!earlham
earncc bsmtp3!mailer!earncc
earnwrld defrt1!earnwrld
eb0uab51 defrt1!eb0uab51
eb0ub012 bsmtp3!mailer!eb0ub012
ebccuab1 bsmtp3!smtpuser!ebccuab1
ebcesca1 bsmtp3!mailer!ebcesca1
ebesade0 defrt1!ebesade0
ebriec01 defrt1!ebriec01
ebubecm1 bsmtp3!mailer!ebubecm1
ebublcfq defrt1!ebublcfq
ecc defrt1!ecc
echmc defrt1!echmc
eclacsvm defrt1!eclacsvm
ecnuxa bsmtp3!mailer!ecnuxa
ecscom defrt1!ecscom
ecsvax defrt1!ecsvax
ecuvm1 bsmtp3!mailer!ecuvm1
educom defrt1!educom
egaucacs defrt1!egaucacs
egfrcudb defrt1!egfrcudb
egfrcuvx bsmtp3!smtpuser!egfrcuvx
eggs defrt1!eggs
eku bsmtp3!smtpuser!eku
eleule11 defrt1!eleule11
emc defrt1!emc
emdcci11 bsmtp3!mailer!emdcci11
emduam11 bsmtp3!mailer!emduam11
emduam12 defrt1!emduam12
emduam52 defrt1!emduam52
emduam53 defrt1!emduam53
emdupm11 defrt1!emdupm11
emdupm12 defrt1!emdupm12
emerson defrt1!emerson
emory defrt1!emory
emoryu1 defrt1!emoryu1
emoryu2 defrt1!emoryu2
emrcan bsmtp3!mailer!emrcan
emrycc defrt1!emrycc
emubus defrt1!emubus
emunivm1 bsmtp3!mailer!emunivm1
emusph defrt1!emusph
emuvm1 bsmtp3!mailer!emuvm1
enapstg1 defrt1!enapstg1
enlace defrt1!enlace
eovuov11 bsmtp3!mailer!eovuov11
epavax defrt1!epavax
epcc bsmtp3!smtpuser!epcc
equinox defrt1!equinox
erie bsmtp3!mailer!erie
ern bsmtp3!mailer!ern
ers bsmtp3!mailer!ers
esa defrt1!esa
esastsp defrt1!esastsp
esatls defrt1!esatls
esavax defrt1!esavax
esgbox bsmtp3!smtpuser!esgbox
esis defrt1!esis
esnet defrt1!esnet
esoc bsmtp3!mailer!esoc
esoc1 defrt1!esoc1
esrin defrt1!esrin
estec defrt1!estec
estvax defrt1!estvax
etsu bsmtp3!mailer!etsu
etsuacad bsmtp3!mailer!etsuacad
etsuace bsmtp3!mailer!etsuace
etsuadmn bsmtp3!mailer!etsuadmn
etsuvax defrt1!etsuvax
etsuvax2 defrt1!etsuvax2
eurokom bsmtp3!mailer!eurokom
evalqf defrt1!evalqf
evalsb defrt1!evalsb
evalun11 bsmtp3!mailer!evalun11
evalun63 defrt1!evalun63
evalvx defrt1!evalvx
evmsvms defrt1!evmsvms
ewc bsmtp3!mailer!ewc
ewcn defrt1!ewcn
ewuvms defrt1!ewuvms
fair1 bsmtp3!mailer!fair1
fandm bsmtp3!mailer!fandm
fandma bsmtp3!mailer!fandma
fandmb bsmtp3!mailer!fandmb
fandmc bsmtp3!mailer!fandmc
fandmd bsmtp3!mailer!fandmd
fandme bsmtp3!mailer!fandme
fandmlib bsmtp3!mailer!fandmlib
faucan defrt1!faucan
fauvax bsmtp3!mailer!fauvax
faxon defrt1!faxon
fccj bsmtp3!mailer!fccj
fdacd bsmtp3!mailer!fdacd
fdacfsan bsmtp3!mailer!fdacfsan
ferris bsmtp3!mailer!ferris
fgvrj bsmtp3!mailer!fgvrj
fhcrcvax defrt1!fhcrcvax
figbox bsmtp3!mailer!figbox
filly bsmtp3!smtpuser!filly
finabo defrt1!finabo
finfiles bsmtp3!mailer!finfiles
finfun bsmtp3!mailer!finfun
finhut bsmtp3!mailer!finhut
finhuta bsmtp3!mailer!finhuta
finhutc bsmtp3!mailer!finhutc
finjyu defrt1!finjyu
finkuo defrt1!finkuo
finnphi defrt1!finnphi
finou bsmtp3!mailer!finou
finuh bsmtp3!mailer!finuh
finuha defrt1!finuha
finuhb defrt1!finuhb
finuhcb bsmtp3!mailer!finuhcb
finujo defrt1!finujo
finvtt defrt1!finvtt
fiocruz defrt1!fiocruz
firien bsmtp3!mailer!firien
firnvx defrt1!firnvx
fitkjes2 bsmtp3!mailer!fitkjes2
fnacp defrt1!fnacp
fnal bsmtp3!mailer!fnal
fnal26 defrt1!fnal26
fnal27 defrt1!fnal27
fnala defrt1!fnala
fnalad defrt1!fnalad
fnalb0 defrt1!fnalb0
fnalbsn defrt1!fnalbsn
fnald defrt1!fnald
fnaldbg defrt1!fnaldbg
fnalnet defrt1!fnalnet
fnalv defrt1!fnalv
fnalvm defrt1!fnalvm
fnbit defrt1!fnbit
fnboot defrt1!fnboot
fnccf defrt1!fnccf
fncd defrt1!fncd
fndaq defrt1!fndaq
fndcd defrt1!fndcd
fnfaf defrt1!fnfaf
fnlib defrt1!fnlib
fnmail defrt1!fnmail
fnmu defrt1!fnmu
fnnet1 defrt1!fnnet1
fnphy defrt1!fnphy
fnpsp defrt1!fnpsp
fnts defrt1!fnts
fntss defrt1!fntss
fnusg defrt1!fnusg
fordmlc1 defrt1!fordmlc1
fordmrh1 defrt1!fordmrh1
fordmulc defrt1!fordmulc
fordmurh defrt1!fordmurh
forsythe defrt1!forsythe
fraix11 bsmtp3!mailer!fraix11
framp11 defrt1!framp11
frbdx11 defrt1!frbdx11
frcaen51 defrt1!frcaen51
frccrm51 defrt1!frccrm51
frccsc12 defrt1!frccsc12
frccsc21 bsmtp3!mailer!frccsc21
frccub11 defrt1!frccub11
frccup51 defrt1!frccup51
frcdf51 defrt1!frcdf51
frcgm51 defrt1!frcgm51
frcgm52 defrt1!frcgm52
frcicb62 defrt1!frcicb62
frciil71 defrt1!frciil71
frcirp81 defrt1!frcirp81
frcism51 bsmtp3!mailer!frcism51
frciti51 defrt1!frciti51
frcitl81 defrt1!frcitl81
frcpn11 bsmtp3!mailer!frcpn11
frcrn51 defrt1!frcrn51
frcrpe51 defrt1!frcrpe51
frctn11 defrt1!frctn11
frdrfg01 defrt1!frdrfg01
frecl61 defrt1!frecl61
fredonia bsmtp3!mailer!fredonia
freia11 defrt1!freia11
freiba51 defrt1!freiba51
frembl51 defrt1!frembl51
fremp11 defrt1!fremp11
frensl61 defrt1!frensl61
frescp11 defrt1!frescp11
frese51 defrt1!frese51
fresec51 defrt1!fresec51
frestp11 defrt1!frestp11
frflu51 defrt1!frflu51
frfupl11 defrt1!frfupl11
frgag51 defrt1!frgag51
frgan01 defrt1!frgan01
frgren81 defrt1!frgren81
frhec11 defrt1!frhec11
friap51 defrt1!friap51
friarc51 defrt1!friarc51
frias51 defrt1!frias51
fribm11 defrt1!fribm11
fricsn51 defrt1!fricsn51
frihes61 defrt1!frihes61
frihma21 defrt1!frihma21
frill defrt1!frill
frill50 defrt1!frill50
frill51 defrt1!frill51
frill52 defrt1!frill52
frill53 defrt1!frill53
frimft11 defrt1!frimft11
frina11 defrt1!frina11
frined51 defrt1!frined51
frinra11 defrt1!frinra11
frint51 defrt1!frint51
friram51 defrt1!friram51
frirts61 defrt1!frirts61
frirts71 defrt1!frirts71
frisio11 defrt1!frisio11
friuto11 bsmtp3!mailer!friuto11
frlal51 defrt1!frlal51
frlapp51 defrt1!frlapp51
frlash51 defrt1!frlash51
frlasm51 defrt1!frlasm51
frlim51 defrt1!frlim51
frlmcp61 defrt1!frlmcp61
frlri61 defrt1!frlri61
frlure51 defrt1!frlure51
frmeu51 defrt1!frmeu51
frmlma51 defrt1!frmlma51
frmnhn11 defrt1!frmnhn11
frmnvax1 bsmtp3!mailer!frmnvax1
frmop11 bsmtp3!mailer!frmop11
frmop22 bsmtp3!mailer!frmop22
frmop53 defrt1!frmop53
frmrs11 bsmtp3!mailer!frmrs11
frmrs12 bsmtp3!mailer!frmrs12
frmrs13 bsmtp3!mailer!frmrs13
frneab51 defrt1!frneab51
frnsae11 bsmtp3!mailer!frnsae11
frobes51 defrt1!frobes51
frobor51 defrt1!frobor51
frocf51 defrt1!frocf51
fromp51 defrt1!fromp51
fromrs51 defrt1!fromrs51
froni51 defrt1!froni51
fropt11 defrt1!fropt11
frors12 bsmtp3!mailer!frors12
frors13 bsmtp3!mailer!frors13
frors31 defrt1!frors31
frors54 bsmtp3!mailer!frors54
frp7un51 defrt1!frp7un51
frp8v11 defrt1!frp8v11
frperp51 defrt1!frperp51
frpoly11 bsmtp3!mailer!frpoly11
frsac11 defrt1!frsac11
frsac12 bsmtp3!mailer!frsac12
frsac13 bsmtp3!mailer!frsac13
frsac53 defrt1!frsac53
frsol11 defrt1!frsol11
frsrmp11 bsmtp3!mailer!frsrmp11
frsrmp62 bsmtp3!mailer!frsrmp62
frsun12 defrt1!frsun12
fruagg11 bsmtp3!mailer!fruagg11
frulm11 defrt1!frulm11
frulm63 defrt1!frulm63
frunes21 defrt1!frunes21
frunip62 defrt1!frunip62
frup1361 defrt1!frup1361
frupas81 defrt1!frupas81
fruppa51 defrt1!fruppa51
frups51 defrt1!frups51
frupts51 defrt1!frupts51
frutc51 defrt1!frutc51
frutrs51 defrt1!frutrs51
frvilg11 defrt1!frvilg11
fsu bsmtp3!netops!fsu
fsuavm bsmtp3!mailer!fsuavm
fsusfs defrt1!fsusfs
fsusup defrt1!fsusup
gacvax1 bsmtp3!smtpuser!gacvax1
gallua defrt1!gallua
gandalf bsmtp3!mailer!gandalf
gburg bsmtp3!mailer!gburg
gc defrt1!gc
geneseo defrt1!geneseo
geo defrt1!geo
gibbs bsmtp3!mailer!gibbs
gitcdc1 defrt1!gitcdc1
gitvm1 bsmtp3!mailer!gitvm1
gitvm2 bsmtp3!mailer!gitvm2
gmuvax defrt1!gmuvax
grathun1 bsmtp3!netops!grathun1
grchasn1 bsmtp3!mailer!grchasn1
grcrvax1 bsmtp3!mailer!grcrvax1
grearn bsmtp3!mailer!grearn
grgbox bsmtp3!mailer!grgbox
griffin bsmtp3!mailer!griffin
grimbb defrt1!grimbb
grin1 defrt1!grin1
grin2 defrt1!grin2
grin3 defrt1!grin3
grinad defrt1!grinad
grioanun bsmtp3!mailer!grioanun
grpatvx1 defrt1!grpatvx1
grpatvx2 defrt1!grpatvx2
grtheun1 bsmtp3!mailer!grtheun1
gsumvs1 defrt1!gsumvs1
gsuvm1 bsmtp3!mailer!gsuvm1
gtri01 bsmtp3!mailer!gtri01
gunbrf bsmtp3!mailer!gunbrf
guvax bsmtp3!smtpuser!guvax
guvm bsmtp3!mailer!guvm
gwc defrt1!gwc
gwuvm bsmtp3!mailer!gwuvm
hadassah defrt1!hadassah
haifauvm bsmtp3!xmailer!haifauvm
hamlet bsmtp3!mailer!hamlet
harbor1 bsmtp3!mailer!harbor1
harbor2 bsmtp3!mailer!harbor2
harbor3 bsmtp3!mailer!harbor3
harboruc bsmtp3!mailer!harboruc
hardy defrt1!hardy
harpervm bsmtp3!mailer!harpervm
hartford defrt1!hartford
harvard defrt1!harvard
harvarda bsmtp3!mailer!harvarda
harvhep defrt1!harvhep
harvisr defrt1!harvisr
harvjmmy defrt1!harvjmmy
harvlaw1 defrt1!harvlaw1
harvmail defrt1!harvmail
harvnoc bsmtp3!mailer!harvnoc
harvpcna defrt1!harvpcna
harvsc3 defrt1!harvsc3
harvsc5 defrt1!harvsc5
harvunxh defrt1!harvunxh
harvunxt defrt1!harvunxt
harvunxu defrt1!harvunxu
harvunxw bsmtp3!mailer!harvunxw
hasamc51 bsmtp3!smtpuser!hasamc51
hasara01 defrt1!hasara01
hasara11 bsmtp3!mailer!hasara11
hasara5 bsmtp3!mailgate!hasara5
hasara51 bsmtp3!mailgate!hasara51
hasara52 bsmtp3!mailgate!hasara52
hasara53 bsmtp3!mailgate!hasara53
hasara61 defrt1!hasara61
hasfom51 defrt1!hasfom51
hawaii bsmtp3!mailer!hawaii
hbs defrt1!hbs
hbunos bsmtp3!mailer!hbunos
hdetno51 bsmtp3!smtpuser!hdetno51
hdetud11 defrt1!hdetud11
hdetud2 bsmtp3!mailer!hdetud2
hdetud5 defrt1!hdetud5
hdetud51 bsmtp3!smtpuser!hdetud51
hdetud52 defrt1!hdetud52
hdetud53 defrt1!hdetud53
head bsmtp3!mailer!head
hearn bsmtp3!mailer!hearn
hearnvax bsmtp3!smtpuser!hearnvax
hecmtl01 bsmtp3!mailer!hecmtl01
heiipo5 defrt1!heiipo5
heithe5 bsmtp3!smtpuser!heithe5
heitue5 bsmtp3!smtpuser!heitue5
heitue51 defrt1!heitue51
heitue52 defrt1!heitue52
heitue53 defrt1!heitue53
helios defrt1!helios
henut5 bsmtp3!smtpuser!henut5
hepnet defrt1!hepnet
hheouh50 defrt1!hheouh50
hheouh51 bsmtp3!smtpuser!hheouh51
hheouh52 bsmtp3!smtpuser!hheouh52
hheouh53 bsmtp3!smtpuser!hheouh53
hiramb bsmtp3!mailer!hiramb
hkpvc defrt1!hkpvc
hkucc defrt1!hkucc
hkujnt bsmtp3!smtpuser!hkujnt
hkuvm bsmtp3!mailer!hkuvm
hkuvm1 bsmtp3!mailer!hkuvm1
hlerul2 bsmtp3!mailer!hlerul2
hlerul5 defrt1!hlerul5
hlerul51 bsmtp3!smtpuser!hlerul51
hlerul52 bsmtp3!smtpuser!hlerul52
hlerul53 bsmtp3!smtpuser!hlerul53
hlerul55 bsmtp3!smtpuser!hlerul55
hlerul57 bsmtp3!smtpuser!hlerul57
hlerul59 bsmtp3!smtpuser!hlerul59
hlerul5b bsmtp3!smtpuser!hlerul5b
hlerul5c bsmtp3!smtpuser!hlerul5c
hlerul5d bsmtp3!smtpuser!hlerul5d
hlerul5f bsmtp3!smtpuser!hlerul5f
hlerul5l bsmtp3!smtpuser!hlerul5l
hlerul5x bsmtp3!smtpuser!hlerul5x
hlerul5y bsmtp3!smtpuser!hlerul5y
hlerul5z bsmtp3!smtpuser!hlerul5z
hlsdnl5 bsmtp3!smtpuser!hlsdnl5
hlsdnl50 bsmtp3!smtpuser!hlsdnl50
hlsdnl51 bsmtp3!smtpuser!hlsdnl51
hlsdnl52 bsmtp3!smtpuser!hlsdnl52
hlycross defrt1!hlycross
hmarl5 bsmtp3!smtpuser!hmarl5
hmcvax defrt1!hmcvax
hnoesa10 defrt1!hnoesa10
hnoesa51 defrt1!hnoesa51
hnykun11 bsmtp3!mailer!hnykun11
hnykun51 defrt1!hnykun51
hnykun52 bsmtp3!smtpuser!hnykun52
hnykun53 defrt1!hnykun53
hnykun55 defrt1!hnykun55
hnympi51 defrt1!hnympi51
hnympi52 defrt1!hnympi52
hofstra defrt1!hofstra
hoover bsmtp3!smtpuser!hoover
hope bsmtp3!pmdf!hope
hostos bsmtp3!mailer!hostos
htikub5 bsmtp3!smtpuser!htikub5
htikub50 defrt1!htikub50
htikub51 defrt1!htikub51
huarp1 defrt1!huarp1
hub bsmtp3!mailer!hub
hub2 bsmtp3!mailer!hub2
hubme51 bsmtp3!mailer!hubme51
hubpsz12 bsmtp3!mailer!hubpsz12
hubpsz61 bsmtp3!mailer!hubpsz61
huche1 defrt1!huche1
hudce0 defrt1!hudce0
huearn bsmtp3!mailer!huearn
hueco bsmtp3!mailer!hueco
huella defrt1!huella
hugbox bsmtp3!mailer!hugbox
hugirk51 bsmtp3!mailer!hugirk51
hugse1 defrt1!hugse1
hugse2 defrt1!hugse2
huhepl defrt1!huhepl
hujiagri defrt1!hujiagri
hujics bsmtp3!smtp!hujics
hujids defrt1!hujids
hujifh defrt1!hujifh
hujimd defrt1!hujimd
hujinix defrt1!hujinix
hujivm1 bsmtp3!mailer!hujivm1
hujivms bsmtp3!mailer!hujivms
huklte51 bsmtp3!mailer!huklte51
hulaw1 bsmtp3!mailer!hulaw1
huma1 defrt1!huma1
humain defrt1!humain
humber bsmtp3!mailer!humber
humus defrt1!humus
husc defrt1!husc
husc12 bsmtp3!mailer!husc12
husc2 defrt1!husc2
husc3 bsmtp3!mailer!husc3
husc4 defrt1!husc4
husc5 bsmtp3!mailer!husc5
husc7 defrt1!husc7
husc8 defrt1!husc8
husc9 defrt1!husc9
huscgw defrt1!huscgw
husote51 bsmtp3!mailer!husote51
hussle defrt1!hussle
huszeg11 bsmtp3!mailer!huszeg11
hutruu50 defrt1!hutruu50
hutruu51 defrt1!hutruu51
hutruu52 bsmtp3!smtpuser!hutruu52
hutruu53 defrt1!hutruu53
hutruu54 defrt1!hutruu54
hutruu59 bsmtp3!smtpuser!hutruu59
huxtal bsmtp3!mailer!huxtal
huxtal0 defrt1!huxtal0
huxtal1 defrt1!huxtal1
hwalhw5 defrt1!hwalhw5
hwalhw50 defrt1!hwalhw50
hwawau52 bsmtp3!smtpuser!hwawau52
hws bsmtp3!mailer!hws
hydra bsmtp3!pmdf!hydra
iaea1 defrt1!iaea1
iafbit defrt1!iafbit
iafe defrt1!iafe
iago defrt1!iago
iassns defrt1!iassns
ibacisec defrt1!ibacisec
ibacsata bsmtp3!mailer!ibacsata
ibagiove defrt1!ibagiove
ibainfn defrt1!ibainfn
ibamarte defrt1!ibamarte
ibguniv defrt1!ibguniv
ibocnr defrt1!ibocnr
iboenea defrt1!iboenea
iboinfn bsmtp3!mailer!iboinfn
ibolamel defrt1!ibolamel
ibouniv bsmtp3!mailer!ibouniv
ibrcnrsm bsmtp3!mailer!ibrcnrsm
ibrdvm1 bsmtp3!mailer!ibrdvm1
ibsucsc bsmtp3!mailer!ibsucsc
ibuucsc bsmtp3!mailer!ibuucsc
icineca bsmtp3!mailer!icineca
icineca2 bsmtp3!mailer!icineca2
icinhep bsmtp3!mailer!icinhep
icnucevm bsmtp3!mailer!icnucevm
icnucevs defrt1!icnucevs
icnucevx bsmtp3!mailer!icnucevx
icrs4vm defrt1!icrs4vm
icsataxa defrt1!icsataxa
icsuniv defrt1!icsuniv
ictuniv defrt1!ictuniv
idbsu bsmtp3!mailer!idbsu
idui1 defrt1!idui1
iegbox bsmtp3!mailgate!iegbox
ifasgnv defrt1!ifasgnv
ifeuniv bsmtp3!mailer!ifeuniv
ifibdp defrt1!ifibdp
ifichim bsmtp3!mailer!ifichim
ifichim2 bsmtp3!mailer!ifichim2
ifiidg bsmtp3!mailer!ifiidg
ifiiue defrt1!ifiiue
ifilens bsmtp3!mailer!ifilens
ifistat bsmtp3!mailer!ifistat
ifresa10 defrt1!ifresa10
ifresa51 defrt1!ifresa51
igecuniv defrt1!igecuniv
igeice bsmtp3!mailer!igeice
igesit defrt1!igesit
iievms1 defrt1!iievms1
iitvax defrt1!iitvax
iitvax1 defrt1!iitvax1
iitvax2 defrt1!iitvax2
iitvax3 defrt1!iitvax3
iitvax4 defrt1!iitvax4
iitvax5 defrt1!iitvax5
iki bsmtp3!mailer!iki
iki2 defrt1!iki2
iki3 bsmtp3!mailer!iki3
ilctehol defrt1!ilctehol
ilenic defrt1!ilenic
ilgsi defrt1!ilgsi
iljct defrt1!iljct
ilncrd defrt1!ilncrd
ilnite defrt1!ilnite
ilstu defrt1!ilstu
imerj defrt1!imerj
imeuniv defrt1!imeuniv
imiagip1 defrt1!imiagip1
imibocco bsmtp3!mailer!imibocco
imicefr defrt1!imicefr
imicilea bsmtp3!mailer!imicilea
imicise defrt1!imicise
imiclvx bsmtp3!mailer!imiclvx
imihsra bsmtp3!mailer!imihsra
imiifp bsmtp3!mailer!imiifp
imipoli bsmtp3!mailer!imipoli
imiucca defrt1!imiucca
imiucsc defrt1!imiucsc
imiuni bsmtp3!mailer!imiuni
imosab defrt1!imosab
inacised bsmtp3!mailer!inacised
inacriai bsmtp3!mailer!inacriai
inamvsxa defrt1!inamvsxa
inareavm bsmtp3!mailer!inareavm
ind bsmtp3!mailer!ind
indiana defrt1!indiana
indst bsmtp3!mailer!indst
indsvax1 defrt1!indsvax1
indycms bsmtp3!mailer!indycms
indymed defrt1!indymed
indystti defrt1!indystti
indyunix defrt1!indyunix
indyvax bsmtp3!mailer!indyvax
innosoft bsmtp3!mrochek!innosoft
iona defrt1!iona
ionaacad bsmtp3!mailer!ionaacad
ipacres bsmtp3!mailer!ipacres
ipacresi bsmtp3!mailer!ipacresi
ipacuc bsmtp3!mailer!ipacuc
ipacucvx bsmtp3!mailer!ipacucvx
ipcucsc bsmtp3!mailer!ipcucsc
ipdcnr bsmtp3!mailer!ipdcnr
ipdinfn defrt1!ipdinfn
ipdstc defrt1!ipdstc
ipdudmsa defrt1!ipdudmsa
ipduni1 defrt1!ipduni1
ipdunivx bsmtp3!mailer!ipdunivx
ipfw defrt1!ipfw
ipfwcvax bsmtp3!mxmailer!ipfwcvax
ipfwrvax defrt1!ipfwrvax
ipfwvm bsmtp3!mailer!ipfwvm
ipgaix defrt1!ipgaix
ipgcuic bsmtp3!mailer!ipgcuic
ipginfn defrt1!ipginfn
ipguniv bsmtp3!mailer!ipguniv
ipiifc defrt1!ipiifc
ipiinfn bsmtp3!mailer!ipiinfn
ipisnsib bsmtp3!mailer!ipisnsib
ipisnsva defrt1!ipisnsva
ipivaxin defrt1!ipivaxin
ipruniv bsmtp3!mailer!ipruniv
ipvccn bsmtp3!mailer!ipvccn
ipvian bsmtp3!mailer!ipvian
irearn bsmtp3!mailer!irearn
iris defrt1!iris
irishmvs bsmtp3!mailer!irishmvs
irishvm bsmtp3!mailer!irishvm
irishvm2 bsmtp3!mailer!irishvm2
irishvma bsmtp3!mailer!irishvma
irishvx2 defrt1!irishvx2
irlearn bsmtp3!mailer!irlearn
irmcnr bsmtp3!mailer!irmcnr
irmecosa bsmtp3!mailer!irmecosa
irmenea bsmtp3!mailer!irmenea
irmfao00 defrt1!irmfao00
irmfao01 bsmtp3!mailer!irmfao01
irmias bsmtp3!mailer!irmias
irmiasi bsmtp3!mailer!irmiasi
irmicmat bsmtp3!mailer!irmicmat
irmisrds defrt1!irmisrds
irmiss bsmtp3!mailer!irmiss
irmkant bsmtp3!mailer!irmkant
irmlnf defrt1!irmlnf
irmlnfa defrt1!irmlnfa
irmlnfb defrt1!irmlnfb
irmlnfc defrt1!irmlnfc
irmlnfvm defrt1!irmlnfvm
irmluiss defrt1!irmluiss
irmmlib1 defrt1!irmmlib1
irmreti bsmtp3!mailer!irmreti
irmtvm51 defrt1!irmtvm51
irmucsc defrt1!irmucsc
irmunisa bsmtp3!mailer!irmunisa
irtccarl bsmtp3!mailer!irtccarl
irtcork bsmtp3!mailer!irtcork
iruccibm bsmtp3!mailer!iruccibm
iruccvax bsmtp3!mailgate!iruccvax
isearn defrt1!isearn
israearn bsmtp3!mailer!israearn
isscoris defrt1!isscoris
isuadp defrt1!isuadp
isumvs bsmtp3!mailer!isumvs
isuvax bsmtp3!smtpuser!isuvax
itamvms1 defrt1!itamvms1
itcaspur bsmtp3!mailer!itcaspur
itearn bsmtp3!mailer!itearn
iteccol defrt1!iteccol
itesmvf1 bsmtp3!mailer!itesmvf1
iteso defrt1!iteso
itgbox defrt1!itgbox
ithaca bsmtp3!mailer!ithaca
ithaca1 defrt1!ithaca1
ithaca2 defrt1!ithaca2
ithacaoa bsmtp3!mailer!ithacaoa
itivax defrt1!itivax
itncisca defrt1!itncisca
itncisti bsmtp3!mailer!itncisti
itocsihp defrt1!itocsihp
itocsivm bsmtp3!mailer!itocsivm
itocsivx defrt1!itocsivx
itoimgc bsmtp3!mailer!itoimgc
itopoli bsmtp3!cnrgate!itopoli
itopoli1 defrt1!itopoli1
itopoli2 defrt1!itopoli2
itopoli3 defrt1!itopoli3
itsarea bsmtp3!mailer!itsarea
itsictp defrt1!itsictp
itsogs bsmtp3!mailer!itsogs
itssissa bsmtp3!mailer!itssissa
iu defrt1!iu
iuamber defrt1!iuamber
iuaqua defrt1!iuaqua
iubacs defrt1!iubacs
iubus bsmtp3!mailer!iubus
iubvm bsmtp3!mailer!iubvm
iucf defrt1!iucf
iugate bsmtp3!mailer!iugate
iugold defrt1!iugold
iuis defrt1!iuis
iujade defrt1!iujade
iukcms defrt1!iukcms
iup bsmtp3!mailer!iup
iupacorn defrt1!iupacorn
iupcp6 defrt1!iupcp6
iupmaple defrt1!iupmaple
iupoak defrt1!iupoak
iupucs defrt1!iupucs
iurose defrt1!iurose
ivemarc defrt1!ivemarc
iveuncc bsmtp3!mailer!iveuncc
ivruniv bsmtp3!mailer!ivruniv
ivy defrt1!ivy
jaguar defrt1!jaguar
javercol defrt1!javercol
jcsvax1 bsmtp3!smtpuser!jcsvax1
jcsvax2 defrt1!jcsvax2
jcsvax3 defrt1!jcsvax3
jcuvax defrt1!jcuvax
jcvaxa defrt1!jcvaxa
jetson defrt1!jetson
jhmail defrt1!jhmail
jhubard defrt1!jhubard
jhuhyg bsmtp3!mailer!jhuhyg
jhuigf defrt1!jhuigf
jhunix defrt1!jhunix
jhuvm bsmtp3!mailer!jhuvm
jhuvms bsmtp3!smtpuser!jhuvms
jila defrt1!jila
jjayvm bsmtp3!mailer!jjayvm
jmaila defrt1!jmaila
jmailb defrt1!jmailb
jmuvax bsmtp3!mailer!jmuvax
jmuvax1 defrt1!jmuvax1
jmuvax2 defrt1!jmuvax2
jneta defrt1!jneta
jnetb defrt1!jnetb
jnetc defrt1!jnetc
jnete defrt1!jnete
jnetf defrt1!jnetf
joiner bsmtp3!mailer!joiner
jpn bsmtp3!mailer!jpn
jpnac bsmtp3!mailer!jpnac
jpnaffrc bsmtp3!mailer!jpnaffrc
jpnaist defrt1!jpnaist
jpnait01 bsmtp3!mailer!jpnait01
jpnaruto defrt1!jpnaruto
jpncgu bsmtp3!mailer!jpncgu
jpncucc defrt1!jpncucc
jpncun10 bsmtp3!mailer!jpncun10
jpndentu defrt1!jpndentu
jpndokyo bsmtp3!mailer!jpndokyo
jpngucc defrt1!jpngucc
jpnhiroa bsmtp3!mailer!jpnhiroa
jpnhirob bsmtp3!mailer!jpnhirob
jpnhosu1 defrt1!jpnhosu1
jpnhuis bsmtp3!mailer!jpnhuis
jpnide02 bsmtp3!mailer!jpnide02
jpnimrtu bsmtp3!mailer!jpnimrtu
jpnims defrt1!jpnims
jpnircjs defrt1!jpnircjs
jpnisas0 bsmtp3!mailer!jpnisas0
jpnism01 bsmtp3!mailer!jpnism01
jpnissp defrt1!jpnissp
jpniuj00 bsmtp3!mailer!jpniuj00
jpniuj01 bsmtp3!mailer!jpniuj01
jpnjaeri bsmtp3!mailer!jpnjaeri
jpnjrdc bsmtp3!mailer!jpnjrdc
jpnjtlsr bsmtp3!mailer!jpnjtlsr
jpnjwu00 defrt1!jpnjwu00
jpnkeio defrt1!jpnkeio
jpnkek bsmtp3!root!jpnkek
jpnkekcc bsmtp3!mailer!jpnkekcc
jpnkekcf defrt1!jpnkekcf
jpnkektr defrt1!jpnkektr
jpnkekvm defrt1!jpnkekvm
jpnkekvx defrt1!jpnkekvx
jpnkgu01 defrt1!jpnkgu01
jpnkit bsmtp3!mailer!jpnkit
jpnkms bsmtp3!mailer!jpnkms
jpnknsu defrt1!jpnknsu
jpnknu01 bsmtp3!mailer!jpnknu01
jpnknzw1 defrt1!jpnknzw1
jpnksuvx bsmtp3!mailer!jpnksuvx
jpnku01 bsmtp3!mailer!jpnku01
jpnkudpc defrt1!jpnkudpc
jpnkuhel defrt1!jpnkuhel
jpnkwans bsmtp3!mailer!jpnkwans
jpnkyoto bsmtp3!mailer!jpnkyoto
jpnmu11 defrt1!jpnmu11
jpnmu21 defrt1!jpnmu21
jpnnda bsmtp3!mailer!jpnnda
jpnnihoc defrt1!jpnnihoc
jpnnme bsmtp3!mailer!jpnnme
jpnnucba bsmtp3!mailer!jpnnucba
jpnnuhep defrt1!jpnnuhep
jpnnwu1 bsmtp3!mailer!jpnnwu1
jpnocha1 bsmtp3!mailer!jpnocha1
jpnoiser defrt1!jpnoiser
jpnoit00 bsmtp3!mailer!jpnoit00
jpnoit10 bsmtp3!mailer!jpnoit10
jpnoit20 defrt1!jpnoit20
jpnonri defrt1!jpnonri
jpnoriut bsmtp3!mailer!jpnoriut
jpnorixa bsmtp3!mailer!jpnorixa
jpnoskfm defrt1!jpnoskfm
jpnouc01 bsmtp3!mailer!jpnouc01
jpnoucc bsmtp3!mailer!jpnoucc
jpnousic defrt1!jpnousic
jpnpnct1 bsmtp3!mailer!jpnpnct1
jpnrcnp defrt1!jpnrcnp
jpnrcnpf defrt1!jpnrcnpf
jpnrifp bsmtp3!mailer!jpnrifp
jpnrins bsmtp3!mailer!jpnrins
jpnrknaf defrt1!jpnrknaf
jpnrkncc defrt1!jpnrkncc
jpnrky00 defrt1!jpnrky00
jpnsendi bsmtp3!mailer!jpnsendi
jpnsens bsmtp3!mailer!jpnsens
jpnsnu10 bsmtp3!mailer!jpnsnu10
jpnsnu20 bsmtp3!mailer!jpnsnu20
jpnsoka bsmtp3!mailer!jpnsoka
jpnsoka2 bsmtp3!mailer!jpnsoka2
jpnsut00 bsmtp3!mailer!jpnsut00
jpnsut01 bsmtp3!mailer!jpnsut01
jpnsut10 bsmtp3!mailer!jpnsut10
jpnsut20 bsmtp3!mailer!jpnsut20
jpnsut30 bsmtp3!mailer!jpnsut30
jpnsut31 defrt1!jpnsut31
jpnsut32 bsmtp3!mailer!jpnsut32
jpnsut3a defrt1!jpnsut3a
jpnsut40 bsmtp3!mailer!jpnsut40
jpnsut50 bsmtp3!mailer!jpnsut50
jpnsut60 bsmtp3!mailer!jpnsut60
jpnswu10 bsmtp3!mailer!jpnswu10
jpntama0 bsmtp3!mailer!jpntama0
jpntduk defrt1!jpntduk
jpntdus defrt1!jpntdus
jpntgu00 bsmtp3!mailer!jpntgu00
jpnthkvx defrt1!jpnthkvx
jpntiu01 bsmtp3!mailer!jpntiu01
jpntkuvm bsmtp3!mailer!jpntkuvm
jpntmig defrt1!jpntmig
jpntmu00 bsmtp3!mailer!jpntmu00
jpntohok bsmtp3!mailer!jpntohok
jpntop defrt1!jpntop
jpntscvm bsmtp3!mailer!jpntscvm
jpntsuk1 bsmtp3!mailer!jpntsuk1
jpntsuk2 bsmtp3!mailer!jpntsuk2
jpntsuku bsmtp3!mailer!jpntsuku
jpntuawa defrt1!jpntuawa
jpntuhe1 defrt1!jpntuhe1
jpntuhep defrt1!jpntuhep
jpntuvm0 bsmtp3!mailer!jpntuvm0
jpntyavm bsmtp3!mailer!jpntyavm
jpnueccc defrt1!jpnueccc
jpnumin bsmtp3!mailer!jpnumin
jpnunu00 bsmtp3!mailer!jpnunu00
jpnuthos bsmtp3!mailer!jpnuthos
jpnutins bsmtp3!mailer!jpnutins
jpnwas00 bsmtp3!mailer!jpnwas00
jpnycu defrt1!jpnycu
jpnyitp bsmtp3!mailer2!jpnyitp
jsu defrt1!jsu
jsuccvm1 bsmtp3!mailer!jsuccvm1
jsumus defrt1!jsumus
jsuvm defrt1!jsuvm
juliet defrt1!juliet
k01csla bsmtp3!mailer!k01csla
kb001 bsmtp3!mailer!kb001
kccc bsmtp3!mailer!kccc
kentasht defrt1!kentasht
kenteliv defrt1!kenteliv
kentgeau defrt1!kentgeau
kentgold defrt1!kentgold
kentphys defrt1!kentphys
kentsalm defrt1!kentsalm
kentstar defrt1!kentstar
kenttrum defrt1!kenttrum
kentvm bsmtp3!mailer!kentvm
kentvms bsmtp3!smtpuser!kentvms
knox bsmtp3!mailer!knox
krcaucc1 bsmtp3!mailer!krcaucc1
krdgucc1 defrt1!krdgucc1
krewhacc defrt1!krewhacc
krhongik defrt1!krhongik
krhyucc1 defrt1!krhyucc1
krinha bsmtp3!mailer!krinha
krkacu bsmtp3!mailer!krkacu
krkhucc1 defrt1!krkhucc1
krkif bsmtp3!mailer!krkif
krkorea1 bsmtp3!mailer!krkorea1
krktrc bsmtp3!mailer!krktrc
krskkuc1 bsmtp3!mailer!krskkuc1
krsmwu bsmtp3!mailer!krsmwu
krsnucc0 bsmtp3!mailer!krsnucc0
krsnucc1 bsmtp3!mailer!krsnucc1
krsogang bsmtp3!mailer!krsogang
krssucc1 defrt1!krssucc1
krysucc1 bsmtp3!mailer!krysucc1
ksuvm bsmtp3!mailer!ksuvm
lafayacs bsmtp3!mailer!lafayacs
lafayett bsmtp3!mailer!lafayett
laflinc defrt1!laflinc
lagcc bsmtp3!mailer!lagcc
lakehead defrt1!lakehead
lampf defrt1!lampf
lampf0 defrt1!lampf0
lampf1 defrt1!lampf1
lampf2 defrt1!lampf2
lanl defrt1!lanl
latech bsmtp3!mailer!latech
lavalmu1 defrt1!lavalmu1
lavalvm1 bsmtp3!mailer!lavalvm1
lavalvm2 bsmtp3!mailer!lavalvm2
lavalvx1 defrt1!lavalvx1
lawrence bsmtp3!mailer!lawrence
lbdrscs bsmtp3!mailer!lbdrscs
lbl bsmtp3!mailer!lbl
lcvax bsmtp3!smtpuser!lcvax
lehman bsmtp3!mailer!lehman
lemoyne bsmtp3!mxmailer!lemoyne
lepics bsmtp3!mailer!lepics
lib defrt1!lib
listserv defrt1!listserv
liuvax defrt1!liuvax
lluvm bsmtp3!mailer!lluvm
lmuacad bsmtp3!mailer!lmuacad
locke defrt1!locke
loyola defrt1!loyola
loyvax defrt1!loyvax
loyvax1 defrt1!loyvax1
loyvax2 defrt1!loyvax2
lsumvs defrt1!lsumvs
lsuvax bsmtp3!smtpuser!lsuvax
lsuvm bsmtp3!mailer!lsuvm
lternet defrt1!lternet
ltuvax bsmtp3!mailer!ltuvax
ltuvax1 defrt1!ltuvax1
ltuvax2 defrt1!ltuvax2
ltuvax3 defrt1!ltuvax3
luccpua bsmtp3!mailer!luccpua
luvms bsmtp3!smtpuser!luvms
luxcep11 defrt1!luxcep11
lynx defrt1!lynx
macalstr bsmtp3!smtpuser!macalstr
maine bsmtp3!mailer!maine
manvax bsmtp3!mailer!manvax
maricopa bsmtp3!mailer!maricopa
marist bsmtp3!mailer!marist
marista defrt1!marista
maristb defrt1!maristb
maristc defrt1!maristc
marmvs defrt1!marmvs
marpup defrt1!marpup
marshall bsmtp3!smtpuser!marshall
max defrt1!max
mbcl defrt1!mbcl
mc defrt1!mc
mccvm1 defrt1!mccvm1
mcgill1 bsmtp3!mailer!mcgill1
mcgill3 bsmtp3!mailer!mcgill3
mcgilla defrt1!mcgilla
mcgillb defrt1!mcgillb
mcgillm defrt1!mcgillm
mcgillvs defrt1!mcgillvs
mco defrt1!mco
mcoiarc bsmtp3!pmdf!mcoiarc
mconet bsmtp3!pmdf!mconet
mcvax bsmtp3!mailer!mcvax
mdtf defrt1!mdtf
mead defrt1!mead
mecan1 defrt1!mecan1
medcolpa bsmtp3!mailer!medcolpa
medusa defrt1!medusa
memstvx1 bsmtp3!smtpuser!memstvx1
mhc defrt1!mhc
miamiu bsmtp3!mailer!miamiu
miavx0 bsmtp3!mailer!miavx0
miavx1 bsmtp3!smtpuser!miavx1
miavx2 defrt1!miavx2
miavx3 defrt1!miavx3
miavx9 bsmtp3!mailer!miavx9
midd defrt1!midd
millersv defrt1!millersv
milori defrt1!milori
milton defrt1!milton
mina bsmtp3!mailer!mina
mines defrt1!mines
misvax defrt1!misvax
misvms defrt1!misvms
mitbates defrt1!mitbates
miteccf1 defrt1!miteccf1
mitfbnml defrt1!mitfbnml
mitlns defrt1!mitlns
mitrlevm bsmtp3!mailer!mitrlevm
mitsipb bsmtp3!mailer!mitsipb
mitsis defrt1!mitsis
mitvbud bsmtp3!mailer!mitvbud
mitvma bsmtp3!mailer!mitvma
mitvma2 defrt1!mitvma2
mitvmc bsmtp3!mailer!mitvmc
mitwccf bsmtp3!mailer!mitwccf
mitwibr defrt1!mitwibr
mizzou1 bsmtp3!mailer!mizzou1
mizzou2 defrt1!mizzou2
mmc bsmtp3!mailer!mmc
monroe bsmtp3!mailer!monroe
monrrcsd bsmtp3!mailer!monrrcsd
montcola bsmtp3!mailer!montcola
montcolb bsmtp3!mailer!montcolb
montcolc bsmtp3!mailer!montcolc
morekypr bsmtp3!mailer!morekypr
morganvx defrt1!morganvx
mrsvax defrt1!mrsvax
mrvax defrt1!mrvax
mscd defrt1!mscd
mskcc defrt1!mskcc
msoesa bsmtp3!mailer!msoesa
msrcvax bsmtp3!smtpuser!msrcvax
msstate defrt1!msstate
msu bsmtp3!mailer!msu
msuacad bsmtp3!mailer!msuacad
msucem defrt1!msucem
msuegr defrt1!msuegr
msukbs defrt1!msukbs
msukyvm bsmtp3!mailer!msukyvm
msumusic defrt1!msumusic
msunscl defrt1!msunscl
msupa defrt1!msupa
msus1 bsmtp3!smtpuser!msus1
msuvm3 defrt1!msuvm3
mta bsmtp3!mailer!mta
mtecv1 defrt1!mtecv1
mtsu bsmtp3!mailer!mtsu
mtsunix1 bsmtp3!mailer!mtsunix1
mtus5 bsmtp3!mailer!mtus5
murrvax defrt1!murrvax
musc bsmtp3!mailer!musc
musimerj defrt1!musimerj
muvms1 defrt1!muvms1
muvms2 bsmtp3!smtpuser!muvms2
muvms3 defrt1!muvms3
muvms4 defrt1!muvms4
muvms5 defrt1!muvms5
muvms6 bsmtp3!smtpuser!muvms6
naic defrt1!naic
nas defrt1!nas
nasagiss bsmtp3!mailer!nasagiss
nasvm bsmtp3!mailer!nasvm
nauvax defrt1!nauvax
nauvm defrt1!nauvm
navpgs bsmtp3!mailer!navpgs
nbs defrt1!nbs
nbsenh bsmtp3!smtpuser!nbsenh
nbsmicf bsmtp3!smtp!nbsmicf
ncario bsmtp3!mailer!ncario
nccibm1 bsmtp3!mailer!nccibm1
ncsuadm bsmtp3!mailer!ncsuadm
ncsuche bsmtp3!mailer!ncsuche
ncsumeas bsmtp3!mailer!ncsumeas
ncsumvs bsmtp3!mailer!ncsumvs
ncsuvax bsmtp3!mailer!ncsuvax
ndradlab defrt1!ndradlab
ndsuvm1 bsmtp3!mailer!ndsuvm1
nemomus defrt1!nemomus
nemovm defrt1!nemovm
ner defrt1!ner
nervm bsmtp3!mailer!nervm
neumvs1 defrt1!neumvs1
neuvm1 bsmtp3!mailer!neuvm1
nevada bsmtp3!mailer!nevada
nevada2 bsmtp3!mailer!nevada2
nevada3 bsmtp3!mailer!nevada3
nevis defrt1!nevis
nfatcbn1 bsmtp3!mailer!nfatcbn1
niehs bsmtp3!mailer!niehs
niehsc defrt1!niehsc
niehsd defrt1!niehsd
niehse defrt1!niehse
nih3plus bsmtp3!mailer!nih3plus
nih3test bsmtp3!mailer!nih3test
nih4test bsmtp3!mailer!nih4test
nihaaa defrt1!nihaaa
nihccpc1 defrt1!nihccpc1
nihccpc2 defrt1!nihccpc2
nihcdce1 defrt1!nihcdce1
nihcdce2 defrt1!nihcdce2
nihcdct1 defrt1!nihcdct1
nihcdct2 defrt1!nihcdct2
nihceib defrt1!nihceib
nihcocc defrt1!nihcocc
nihcod1 defrt1!nihcod1
nihcod2 defrt1!nihcod2
nihcod3 defrt1!nihcod3
nihcod4 defrt1!nihcod4
nihcod5 defrt1!nihcod5
nihcod6 defrt1!nihcod6
nihcod7 defrt1!nihcod7
nihcod8 defrt1!nihcod8
nihcotd defrt1!nihcotd
nihcpmb2 defrt1!nihcpmb2
nihcr31 defrt1!nihcr31
nihcring defrt1!nihcring
nihcrrp defrt1!nihcrrp
nihcu bsmtp3!mailer!nihcu
nihcutst bsmtp3!mailer!nihcutst
nihdcrt defrt1!nihdcrt
nihdcrt6 defrt1!nihdcrt6
nihdeod defrt1!nihdeod
nihdrg defrt1!nihdrg
nihgms31 defrt1!nihgms31
nihgmsww defrt1!nihgmsww
nihh011 defrt1!nihh011
nihh031 defrt1!nihh031
nihh101 defrt1!nihh101
nihh102 defrt1!nihh102
nihh14e1 defrt1!nihh14e1
nihh311 defrt1!nihh311
nihhd01 defrt1!nihhd01
nihhd02 defrt1!nihhd02
nihhd03 defrt1!nihhd03
nihhelp defrt1!nihhelp
nihhfed1 defrt1!nihhfed1
nihhfed2 defrt1!nihhfed2
nihhwb1 defrt1!nihhwb1
nihklmb bsmtp3!smtpuser!nihklmb
nihlist bsmtp3!$mailer!nihlist
nihmh36 defrt1!nihmh36
nihncrrb defrt1!nihncrrb
nihnia10 defrt1!nihnia10
nihnia31 defrt1!nihnia31
nihniagw defrt1!nihniagw
nihnlm defrt1!nihnlm
nihnlm3c defrt1!nihnlm3c
nihod1 defrt1!nihod1
nihod10 defrt1!nihod10
nihod10e defrt1!nihod10e
nihod15c defrt1!nihod15c
nihod31 defrt1!nihod31
nihod31e defrt1!nihod31e
nihod610 defrt1!nihod610
nihodcdb defrt1!nihodcdb
nihode10 defrt1!nihode10
nihode11 defrt1!nihode11
nihode13 defrt1!nihode13
nihode15 defrt1!nihode15
nihode31 defrt1!nihode31
nihode37 defrt1!nihode37
nihodeps defrt1!nihodeps
nihodfed defrt1!nihodfed
nihrr10a defrt1!nihrr10a
nihrr12a defrt1!nihrr12a
nihrr14b defrt1!nihrr14b
nihrr14g defrt1!nihrr14g
nihrr31 defrt1!nihrr31
nihrracu defrt1!nihrracu
nihrrlib defrt1!nihrrlib
nihrrmap defrt1!nihrrmap
nistcs2 bsmtp3!mailer!nistcs2
niu bsmtp3!mailer!niu
niucs bsmtp3!a01mlrv!niucs
njin bsmtp3!mailer!njin
nki bsmtp3!mailer!nki
nkuvax defrt1!nkuvax
nlu defrt1!nlu
nmsu defrt1!nmsu
nmsumvs1 defrt1!nmsumvs1
nmsuvm1 bsmtp3!mailer!nmsuvm1
nmu bsmtp3!mailer!nmu
nmumus defrt1!nmumus
nnomed bsmtp3!mailer!nnomed
nobergen bsmtp3!mailer!nobergen
nobibsys bsmtp3!mailer!nobibsys
nobivm bsmtp3!mailer!nobivm
nobscvm bsmtp3!mailer!nobscvm
norunix bsmtp3!mailer!norunix
norwich bsmtp3!mailer!norwich
nrcvm01 bsmtp3!mailer!nrcvm01
nsf defrt1!nsf
nshmed defrt1!nshmed
ntivax defrt1!ntivax
ntivaxa defrt1!ntivaxa
ntivaxb defrt1!ntivaxb
ntivaxc defrt1!ntivaxc
ntsuvaxa defrt1!ntsuvaxa
ntuvax defrt1!ntuvax
nucleo defrt1!nucleo
nuhub bsmtp3!mailer!nuhub
nus3090 bsmtp3!mailer!nus3090
nusdiscs defrt1!nusdiscs
nuseev defrt1!nuseev
nusvm bsmtp3!mailer!nusvm
ny001 bsmtp3!mailer!ny001
nycd00b bsmtp3!mailer!nycd00b
nyshescm defrt1!nyshescm
nyshescv bsmtp3!bitmail!nyshescv
nyspi bsmtp3!mailer!nyspi
nyuacf bsmtp3!mailer!nyuacf
nyuacf1 defrt1!nyuacf1
nyuacf6 defrt1!nyuacf6
nyuacf7 defrt1!nyuacf7
nyuccvm bsmtp3!mailer!nyuccvm
nyumed bsmtp3!mailer!nyumed
oakland bsmtp3!mailer!oakland
occ bsmtp3!mailer!occ
oduvm bsmtp3!mailer!oduvm
ohstbh bsmtp3!mailer!ohstbh
ohsthr bsmtp3!smtpuser!ohsthr
ohstmail bsmtp3!mailer!ohstmail
ohstmvsa bsmtp3!mailer!ohstmvsa
ohstphrm bsmtp3!mailer!ohstphrm
ohstpw defrt1!ohstpw
ohstpx defrt1!ohstpx
ohstpy bsmtp3!mailer!ohstpy
ohstpz defrt1!ohstpz
okcu bsmtp3!mailer!okcu
okstate bsmtp3!mailer!okstate
oly defrt1!oly
onondaga bsmtp3!mailer!onondaga
orange bsmtp3!smtpuser!orange
orau bsmtp3!smtpuser!orau
orau2 defrt1!orau2
orau3 defrt1!orau3
orau4 defrt1!orau4
ornlstc defrt1!ornlstc
orph01 bsmtp3!mailer!orph01
oshkoshw bsmtp3!smtpuser!oshkoshw
osucc bsmtp3!mailer!osucc
osuvm1 bsmtp3!mailer!osuvm1
osuvms bsmtp3!smtpuser!osuvms
ouaccvma bsmtp3!mailer!ouaccvma
ouaccvmb bsmtp3!mailer!ouaccvmb
owucomcn bsmtp3!smtpuser!owucomcn
pace defrt1!pace
pacevm bsmtp3!mailer!pacevm
pahohq bsmtp3!mailer!pahohq
panam defrt1!panam
panam1 bsmtp3!mailer!panam1
panam2 bsmtp3!mailer!panam2
panam3 bsmtp3!mailer!panam3
pasteur defrt1!pasteur
pc defrt1!pc
pcc400cr defrt1!pcc400cr
pccaix defrt1!pccaix
pccjes2 defrt1!pccjes2
pccvm bsmtp3!mailer!pccvm
pembvax1 bsmtp3!mailer!pembvax1
pennstat defrt1!pennstat
pepmail bsmtp3!mailer!pepmail
peppcdrm defrt1!peppcdrm
pepvax bsmtp3!mailer!pepvax
phobos defrt1!phobos
pisces defrt1!pisces
pittmvs defrt1!pittmvs
pittvms bsmtp3!mailer!pittvms
plains bsmtp3!mailer!plains
planif61 bsmtp3!mailer!planif61
plbial11 bsmtp3!mailer!plbial11
plearn bsmtp3!mailer!plearn
plkrcy11 bsmtp3!mailer!plkrcy11
plkrcy52 bsmtp3!mailer!plkrcy52
plktae11 bsmtp3!mailer!plktae11
plktus11 bsmtp3!mailer!plktus11
plpotu51 bsmtp3!mailer!plpotu51
plpuam11 bsmtp3!mailer!plpuam11
plpuam51 bsmtp3!mailer!plpuam51
plszus11 bsmtp3!mailer!plszus11
pltumk11 bsmtp3!mailer!pltumk11
plu bsmtp3!smtpuser!plu
plu0 defrt1!plu0
plu1 defrt1!plu1
plumcs11 bsmtp3!mailer!plumcs11
plunlo51 bsmtp3!mailer!plunlo51
plwatu21 bsmtp3!mailer!plwatu21
plwauw61 bsmtp3!mailer!plwauw61
plwrae51 bsmtp3!mailer!plwrae51
plwrtu11 bsmtp3!mailer!plwrtu11
plwrtu51 bsmtp3!mailer!plwrtu51
plwruw11 bsmtp3!mailer!plwruw11
pog bsmtp3!mailer!pog
polytec1 defrt1!polytec1
polytec2 defrt1!polytec2
polytec3 defrt1!polytec3
polyteca bsmtp3!mailer!polyteca
polyvm bsmtp3!mailer!polyvm
pomona bsmtp3!smtpuser!pomona
portal defrt1!portal
portia bsmtp3!mailer!portia
portland bsmtp3!mailer!portland
pplcats bsmtp3!vmmail!pplcats
psu2020 defrt1!psu2020
psuacl defrt1!psuacl
psuadmin defrt1!psuadmin
psualt defrt1!psualt
psuarch defrt1!psuarch
psuarl bsmtp3!smtpuser!psuarl
psuarla bsmtp3!smtpuser!psuarla
psuarlb bsmtp3!smtpuser!psuarlb
psuarlis bsmtp3!smtpuser!psuarlis
psubeh1 defrt1!psubeh1
psubeh2 defrt1!psubeh2
psucemp defrt1!psucemp
psuces defrt1!psuces
psucmpe defrt1!psucmpe
psucs bsmtp3!mailer!psucs
psucse bsmtp3!mailer!psucse
psucurt bsmtp3!mailer!psucurt
psudec10 defrt1!psudec10
psudg1 bsmtp3!mailer!psudg1
psuecl bsmtp3!smtpuser!psuecl
psuecla bsmtp3!smtpuser!psuecla
psueclb bsmtp3!smtpuser!psueclb
psueclc bsmtp3!smtpuser!psueclc
psuecld bsmtp3!smtpuser!psuecld
psuecle bsmtp3!smtpuser!psuecle
psueclf bsmtp3!smtpuser!psueclf
psueclx bsmtp3!smtpuser!psueclx
psuedvax bsmtp3!mailer!psuedvax
psuengr defrt1!psuengr
psuengr0 defrt1!psuengr0
psuengra defrt1!psuengra
psuengrb defrt1!psuengrb
psuengrc defrt1!psuengrc
psuengrd defrt1!psuengrd
psuengre defrt1!psuengre
psuengrf defrt1!psuengrf
psuengri defrt1!psuengri
psuesl defrt1!psuesl
psuesl1 defrt1!psuesl1
psuhiho defrt1!psuhiho
psuhmc bsmtp3!mailer!psuhmc
psuhmed bsmtp3!mailer!psuhmed
psulcs defrt1!psulcs
psuleps defrt1!psuleps
psuleps3 defrt1!psuleps3
psuleps4 defrt1!psuleps4
psuleps5 defrt1!psuleps5
psulepsa defrt1!psulepsa
psulepsh defrt1!psulepsh
psulepsj defrt1!psulepsj
psulias bsmtp3!mailer!psulias
psulias1 defrt1!psulias1
psumse defrt1!psumse
psumvs defrt1!psumvs
psunuce defrt1!psunuce
psuorvm bsmtp3!mailer!psuorvm
psupdp1 bsmtp3!mailer!psupdp1
psupen bsmtp3!mailer!psupen
psupena defrt1!psupena
psupenb defrt1!psupenb
psupnlvc bsmtp3!mailer!psupnlvc
psupower bsmtp3!mailer!psupower
psuvalm bsmtp3!mailer!psuvalm
psuvalp bsmtp3!mailer!psuvalp
psuvax1 bsmtp3!mailer!psuvax1
psuvaxg bsmtp3!mailer!psuvaxg
psuvaxs bsmtp3!mailer!psuvaxs
psuvlsi bsmtp3!mailer!psuvlsi
psuvm bsmtp3!mailer!psuvm
psuvms1 defrt1!psuvms1
psuykaqh defrt1!psuykaqh
ptbib defrt1!ptbib
ptearn bsmtp3!mailer!ptearn
ptgbox defrt1!ptgbox
ptifm defrt1!ptifm
ptmat defrt1!ptmat
pubb1 defrt1!pubb1
pubb2 defrt1!pubb2
pubb3 defrt1!pubb3
pubb4 defrt1!pubb4
pucal defrt1!pucal
pucc bsmtp3!vmmail!pucc
pucfacea defrt1!pucfacea
pucing bsmtp3!mailer!pucing
pumis bsmtp3!vmmail!pumis
punfsv2 defrt1!punfsv2
purccvm bsmtp3!mailer!purccvm
purlib1 defrt1!purlib1
pvc defrt1!pvc
qb001 bsmtp3!mailer!qb001
qcvaxa bsmtp3!mailer!qcvaxa
qucdn bsmtp3!mailer!qucdn
qucdnast bsmtp3!smtpuser!qucdnast
qucdncmc defrt1!qucdncmc
qucdnee bsmtp3!smtpuser!qucdnee
qucdnee1 defrt1!qucdnee1
qucdnrv2 defrt1!qucdnrv2
qucdnsur defrt1!qucdnsur
qucdntri bsmtp3!smtpuser!qucdntri
qucis defrt1!qucis
queens bsmtp3!mailer!queens
radar defrt1!radar
ramoth bsmtp3!mailer!ramoth
rckhrst1 bsmtp3!smtpuser!rckhrst1
rckhrst2 bsmtp3!smtpuser!rckhrst2
redvax1 defrt1!redvax1
rff defrt1!rff
rhit bsmtp3!smtpuser!rhit
rhodes bsmtp3!smtpuser!rhodes
rice defrt1!rice
ricelibr defrt1!ricelibr
ricevm1 bsmtp3!mailer!ricevm1
ricvm defrt1!ricvm
rider bsmtp3!smtpuser!rider
rigel defrt1!rigel
rio defrt1!rio
riosc defrt1!riosc
riosca defrt1!riosca
rioscb defrt1!rioscb
rioscenc defrt1!rioscenc
ritvax defrt1!ritvax
ritvaxa defrt1!ritvaxa
ritvaxb defrt1!ritvaxb
ritvaxc defrt1!ritvaxc
ritvaxd defrt1!ritvaxd
ritvaxe defrt1!ritvaxe
ritvaxf defrt1!ritvaxf
ritvaxl defrt1!ritvaxl
ritvaxn defrt1!ritvaxn
ritvaxo defrt1!ritvaxo
ritvm bsmtp3!mailer!ritvm
rlg bsmtp3!mailer!rlg
rmy defrt1!rmy
robcub defrt1!robcub
rockvax defrt1!rockvax
roearn bsmtp3!mailer!roearn
rohvm1 bsmtp3!vmsmailr!rohvm1
roifa defrt1!roifa
roimar defrt1!roimar
roipb defrt1!roipb
rollins bsmtp3!mailer!rollins
rolmn defrt1!rolmn
romeo defrt1!romeo
rosatbit defrt1!rosatbit
rosedale defrt1!rosedale
routt defrt1!routt
rpiecs defrt1!rpiecs
rpiecsvx bsmtp3!mailer!rpiecsvx
rpiris defrt1!rpiris
rpitsmts bitnet2!mailer!rpitsmts
rpitsvm bsmtp3!mailer!rpitsvm
rpitsvm1 defrt1!rpitsvm1
ruicph defrt1!ruicph
ruinrvm1 bsmtp3!mailer!ruinrvm1
rushvm defrt1!rushvm
rutadmin bsmtp3!mailer!rutadmin
rutchm defrt1!rutchm
ruthep defrt1!ruthep
rutmvs1 bsmtp3!mailer!rutmvs1
rutvm1 bsmtp3!mailer!rutvm1
ruunicom defrt1!ruunicom
saam defrt1!saam
saipa00 defrt1!saipa00
sairti00 defrt1!sairti00
sakaau03 bsmtp3!mailer!sakaau03
sakacs00 bsmtp3!mailer!sakacs00
sakfu00 bsmtp3!mailer!sakfu00
saksu00 bsmtp3!mailer!saksu00
salk defrt1!salk
samford bsmtp3!mailer!samford
sanjose defrt1!sanjose
saupm00 bsmtp3!mailer!saupm00
sauqu00 defrt1!sauqu00
sbbiovm bsmtp3!mailer!sbbiovm
sbccmail bsmtp3!smtpuser!sbccmail
sbccvm bsmtp3!mailer!sbccvm
sbhep defrt1!sbhep
sbhepny bsmtp3!mailer!sbhepny
sbitp bsmtp3!mailer!sbitp
scc defrt1!scc
scfmvs defrt1!scfmvs
scfvm defrt1!scfvm
scu defrt1!scu
sdnet bsmtp3!mailer!sdnet
sdsc bsmtp3!mailer!sdsc
sdsumus defrt1!sdsumus
sdsuvm bsmtp3!mailer!sdsuvm
searn bsmtp3!mailer!searn
secthf51 defrt1!secthf51
sed bsmtp3!mailer!sed
seguc11 bsmtp3!mailer!seguc11
seguc21 bsmtp3!mailer!seguc21
sehhs defrt1!sehhs
sejnet bsmtp3!mailer!sejnet
seki defrt1!seki
sekth defrt1!sekth
sekthe defrt1!sekthe
seldc52 defrt1!seldc52
seliuc51 defrt1!seliuc51
selund bsmtp3!mailer!selund
semassu bsmtp3!smtpuser!semassu
semassu1 bsmtp3!smtpuser!semassu1
semassu2 bsmtp3!smtpuser!semassu2
semo defrt1!semo
semovm defrt1!semovm
ser defrt1!ser
servax defrt1!servax
sesdcn11 bsmtp3!mailer!sesdcn11
sesuf51 bsmtp3!smtpuser!sesuf51
sesufek defrt1!sesufek
setonmus bsmtp3!mailer!setonmus
setonvm bsmtp3!mailer!setonvm
seudac21 defrt1!seudac21
seumdc51 bsmtp3!smtpuser!seumdc51
shcc defrt1!shcc
shfreya defrt1!shfreya
ship defrt1!ship
shsu bsmtp3!mxmailer!shsu
shsuodin bsmtp3!mxmailer!shsuodin
shsuthor defrt1!shsuthor
si001 bsmtp3!mailer!si001
siena defrt1!siena
sif defrt1!sif
simnh defrt1!simnh
simsc defrt1!simsc
simvax bsmtp3!mailer!simvax
sitvxa defrt1!sitvxa
sitvxb defrt1!sitvxb
sitvxc defrt1!sitvxc
siucvmb defrt1!siucvmb
siuemus defrt1!siuemus
siuevm bsmtp3!mailer!siuevm
sivm bsmtp3!mailer!sivm
sjsuvm1 bsmtp3!mailer!sjsuvm1
sjulibs1 defrt1!sjulibs1
sjumusic defrt1!sjumusic
sjuvm bsmtp3!mailer!sjuvm
skidmore defrt1!skidmore
skyblu defrt1!skyblu
slacesa defrt1!slacesa
slacgate bsmtp3!smtpuser!slacgate
slacmh bsmtp3!smtpuser!slacmh
slacpcr defrt1!slacpcr
slacscs bsmtp3!smtpuser!slacscs
slacslc defrt1!slacslc
slacsld defrt1!slacsld
slacslda defrt1!slacslda
slacsrv2 bsmtp3!smtpuser!slacsrv2
slacsrv3 bsmtp3!smtpuser!slacsrv3
slactbf defrt1!slactbf
slacvm bsmtp3!mailer!slacvm
slacvx defrt1!slacvx
sloan bsmtp3!mailer!sloan
slumus defrt1!slumus
smc defrt1!smc
smcvax defrt1!smcvax
smith bsmtp3!mailer!smith
smsvma bsmtp3!mailer!smsvma
snyalfva defrt1!snyalfva
snybccva bsmtp3!mailer!snybccva
snybkadm defrt1!snybkadm
snybksac defrt1!snybksac
snybroba defrt1!snybroba
snybscva defrt1!snybscva
snybufva defrt1!snybufva
snybufvc defrt1!snybufvc
snycanva defrt1!snycanva
snycayvb defrt1!snycayvb
snycenva bsmtp3!smtpuser!snycenva
snycenvm bsmtp3!mailer!snycenvm
snycobva defrt1!snycobva
snycorba defrt1!snycorba
snycorva defrt1!snycorva
snydelva defrt1!snydelva
snyescva defrt1!snyescva
snyfarva bsmtp3!mailer!snyfarva
snyfitva bsmtp3!mailer!snyfitva
snyfreba defrt1!snyfreba
snygenva defrt1!snygenva
snymorva bsmtp3!mailer!snymorva
snymvcc defrt1!snymvcc
snynewba defrt1!snynewba
snynewvm defrt1!snynewvm
snyoldva defrt1!snyoldva
snyoneva bsmtp3!mailer!snyoneva
snyoswva defrt1!snyoswva
snyoswvb defrt1!snyoswvb
snyplaba defrt1!snyplaba
snyplava bsmtp3!smtpuser!snyplava
snyplavb bsmtp3!smtpuser!snyplavb
snypotva bsmtp3!smtpuser!snypotva
snypotvx bsmtp3!smtpuser!snypotvx
snysicva defrt1!snysicva
snysyrv1 defrt1!snysyrv1
solar bsmtp3!mailer!solar
sovset defrt1!sovset
spc11b defrt1!spc11b
spc11c defrt1!spc11c
spc11d defrt1!spc11d
spc11y defrt1!spc11y
spc11z defrt1!spc11z
spcvxa bsmtp3!mailer!spcvxa
spcvxb defrt1!spcvxb
spcvxd defrt1!spcvxd
spcvxx defrt1!spcvxx
spcvxz defrt1!spcvxz
spring defrt1!spring
springb defrt1!springb
sru bsmtp3!mailer!sru
sscnet bsmtp3!mailer!sscnet
sscvx1 defrt1!sscvx1
ssrl750 bsmtp3!mxmailer!ssrl750
stanford bsmtp3!mailer!stanford
stein defrt1!stein
stetson bsmtp3!mailer!stetson
stevens defrt1!stevens
stlawu bsmtp3!mailer!stlawu
stmarytx bsmtp3!mailer!stmarytx
suadmin bsmtp3!mailer!suadmin
suais defrt1!suais
subrvm defrt1!subrvm
sucemi bsmtp3!mailer!sucemi
sucrys defrt1!sucrys
sudipa bsmtp3!mailer!sudipa
suearn2 bsmtp3!mailer!suearn2
suffolk bsmtp3!mailer!suffolk
suhep bsmtp3!mailer!suhep
suhmvsf defrt1!suhmvsf
sumpei1 bsmtp3!mailer!sumpei1
sumpei2 bsmtp3!mailer!sumpei2
sunrise bsmtp3!mailer!sunrise
sunset bsmtp3!mailer!sunset
sunybcs bsmtp3!mailer!sunybcs
sunybing defrt1!sunybing
sunyjcc bsmtp3!smtpuser!sunyjcc
sunysbnp bsmtp3!mxmailer!sunysbnp
susolar bsmtp3!mailer!susolar
suvm bsmtp3!bitmail!suvm
suwatson bsmtp3!mailer!suwatson
suyars bsmtp3!mailer!suyars
swtexas defrt1!swtexas
swtnyssa defrt1!swtnyssa
swttegan defrt1!swttegan
syredu bsmtp3!mailer!syredu
tacora defrt1!tacora
taimvs1 defrt1!taimvs1
taivm1 bsmtp3!mailer!taivm1
taivm2 defrt1!taivm2
tambigrf defrt1!tambigrf
tamchem defrt1!tamchem
tamcomp defrt1!tamcomp
tamlmsb defrt1!tamlmsb
tammvs1 defrt1!tammvs1
tamodp defrt1!tamodp
tamphys defrt1!tamphys
tamrigel defrt1!tamrigel
tamsigma defrt1!tamsigma
tamsumma defrt1!tamsumma
tamucc defrt1!tamucc
tamug defrt1!tamug
tamusda defrt1!tamusda
tamvenus defrt1!tamvenus
tamvet defrt1!tamvet
tamvm1 bsmtp3!mailer!tamvm1
tamzeus defrt1!tamzeus
tarleton bsmtp3!mailer!tarleton
tatavax defrt1!tatavax
taunivm bsmtp3!mailer!taunivm
taurus defrt1!taurus
tayloru bsmtp3!smtpuser!tayloru
tcu bsmtp3!mailer!tcu
tcuamus defrt1!tcuamus
tcuavm bsmtp3!mailer!tcuavm
tcuavms bsmtp3!mailer!tcuavms
tcubvm bsmtp3!mailer!tcubvm
tcubvms bsmtp3!mailer!tcubvms
tcucvms bsmtp3!mailer!tcucvms
tcufvms bsmtp3!mailer!tcufvms
tcugvms bsmtp3!mailer!tcugvms
techmax defrt1!techmax
techmvs defrt1!techmvs
technion bsmtp3!mailer!technion
techsel defrt1!techsel
techunix bsmtp3!mailer!techunix
tecmtysb bsmtp3!mailer!tecmtysb
tecmtyvm bsmtp3!mailer!tecmtyvm
templevm bsmtp3!mailer!templevm
thecb defrt1!thecb
thenic bsmtp3!smtpuser!thenic
tifrvax bsmtp3!mailer!tifrvax
tifton defrt1!tifton
tjuvm bsmtp3!mailer!tjuvm
tjwatson defrt1!tjwatson
tmplcis defrt1!tmplcis
tnearn defrt1!tnearn
tntech bsmtp3!mailer!tntech
towson1 defrt1!towson1
towson2 defrt1!towson2
towsonvx bsmtp3!mailer!towsonvx
trakden defrt1!trakden
tranavm1 bsmtp3!mailer!tranavm1
tranavm2 bsmtp3!mailer!tranavm2
transy defrt1!transy
trapper bsmtp3!mailer!trapper
tratauni bsmtp3!mailer!tratauni
trbilun bsmtp3!mailer!trbilun
trbilun2 defrt1!trbilun2
trboun bsmtp3!mailer!trboun
trcuniv bsmtp3!mailer!trcuniv
trdeu1 defrt1!trdeu1
trdho bsmtp3!mailer!trdho
trdicle bsmtp3!mailer!trdicle
trearn bsmtp3!mailer!trearn
trege1 bsmtp3!mailer!trege1
trerun defrt1!trerun
trerunvm defrt1!trerunvm
trfirat bsmtp3!mailer!trfirat
trgantep defrt1!trgantep
trgebze defrt1!trgebze
trhun defrt1!trhun
trinity bsmtp3!mailer!trinity
tritu bsmtp3!mailer!tritu
tritucs defrt1!tritucs
triumfcl defrt1!triumfcl
triumfer defrt1!triumfer
triumfrg defrt1!triumfrg
triuvm11 bsmtp3!mailer!triuvm11
trkosgeb bsmtp3!mailer!trkosgeb
trktu defrt1!trktu
trmarunv bsmtp3!mailer!trmarunv
trmbeam defrt1!trmbeam
trmetu bsmtp3!mailer!trmetu
trmetua defrt1!trmetua
trmetub defrt1!trmetub
trmsu bsmtp3!mailer!trmsu
tromuni bsmtp3!mailer!tromuni
trselcuk defrt1!trselcuk
trtetm defrt1!trtetm
truludag defrt1!truludag
tryildiz bsmtp3!mailer!tryildiz
tryldz02 bsmtp3!mailer!tryldz02
tryok defrt1!tryok
trytuvse defrt1!trytuvse
tscvm bsmtp3!mailer!tscvm
tsu defrt1!tsu
ttacs defrt1!ttacs
ttacs1 defrt1!ttacs1
ttacs2 defrt1!ttacs2
ttacs3 defrt1!ttacs3
tthsc defrt1!tthsc
tthsc2 defrt1!tthsc2
tthsc4 defrt1!tthsc4
ttu defrt1!ttu
ttumvs1 defrt1!ttumvs1
ttuvm1 bsmtp3!mailer!ttuvm1
tub bsmtp3!mailer!tub
tulsa defrt1!tulsa
tulsajc bsmtp3!mailer!tulsajc
tunl bsmtp3!mailer!tunl
tusk bsmtp3!mailer!tusk
tuskacd defrt1!tuskacd
tuskada defrt1!tuskada
twnas886 defrt1!twnas886
twnctu01 defrt1!twnctu01
twnctu02 defrt1!twnctu02
twnctucs defrt1!twnctucs
twncu865 defrt1!twncu865
twnfcuc1 defrt1!twnfcuc1
twniams defrt1!twniams
twniii1 defrt1!twniii1
twnitri1 defrt1!twnitri1
twnmoctl defrt1!twnmoctl
twnmoe10 bsmtp3!mailer!twnmoe10
twnmoe20 defrt1!twnmoe20
twnntit defrt1!twnntit
twnscu10 bsmtp3!mailer!twnscu10
twnsrrc1 defrt1!twnsrrc1
twntku10 defrt1!twntku10
twnttit bsmtp3!mailer!twnttit
twsuvax defrt1!twsuvax
twsuvm bsmtp3!mailer!twsuvm
twu defrt1!twu
txlcnje bsmtp3!mailer!txlcnje
ua1vm bsmtp3!mailer!ua1vm
uabcmc defrt1!uabcmc
uabdom defrt1!uabdom
uabdpo bsmtp3!mailer!uabdpo
uaboed defrt1!uaboed
uabtucc defrt1!uabtucc
uafsysa bsmtp3!mailer!uafsysa
uafsysb bsmtp3!mailer!uafsysb
uahvax1 defrt1!uahvax1
ualr bsmtp3!smtp!ualr
ualtamts defrt1!ualtamts
ualtavm bsmtp3!post!ualtavm
uams bsmtp3!smtp!uams
ube bsmtp3!mailer!ube
ubvm bsmtp3!mailer!ubvm
ubvms defrt1!ubvms
ubvmsb defrt1!ubvmsb
ubvmsc bsmtp3!smtpuser!ubvmsc
ubvmsd defrt1!ubvmsd
uc780 bsmtp3!mailer!uc780
ucanorte defrt1!ucanorte
ucar defrt1!ucar
ucartcol bsmtp3!mailer!ucartcol
ucbalfa defrt1!ucbalfa
ucbare defrt1!ucbare
ucbargon defrt1!ucbargon
ucbbkyas defrt1!ucbbkyas
ucbcarta defrt1!ucbcarta
ucbcchem defrt1!ucbcchem
ucbce defrt1!ucbce
ucbced defrt1!ucbced
ucbcmsa bsmtp3!mailer!ucbcmsa
ucbcogsc defrt1!ucbcogsc
ucbcory defrt1!ucbcory
ucbcsm defrt1!ucbcsm
ucbdean defrt1!ucbdean
ucbdofm defrt1!ucbdofm
ucbeast defrt1!ucbeast
ucbeclai defrt1!ucbeclai
ucbeh defrt1!ucbeh
ucbenzym defrt1!ucbenzym
ucberos defrt1!ucberos
ucbetche defrt1!ucbetche
ucbeuler defrt1!ucbeuler
ucbgarne defrt1!ucbgarne
ucbic defrt1!ucbic
ucbicsi defrt1!ucbicsi
ucbinsec defrt1!ucbinsec
ucbjanus defrt1!ucbjanus
ucblibra defrt1!ucblibra
ucblilac defrt1!ucblilac
ucblynx defrt1!ucblynx
ucbmail defrt1!ucbmail
ucbmath defrt1!ucbmath
ucbmiro defrt1!ucbmiro
ucbmote defrt1!ucbmote
ucbnatur defrt1!ucbnatur
ucbnobel defrt1!ucbnobel
ucbocf defrt1!ucbocf
ucbokeef defrt1!ucbokeef
ucboz defrt1!ucboz
ucbphys defrt1!ucbphys
ucbpostg defrt1!ucbpostg
ucbqal defrt1!ucbqal
ucbshake defrt1!ucbshake
ucbsoe defrt1!ucbsoe
ucbssl defrt1!ucbssl
ucbstat defrt1!ucbstat
ucbvango defrt1!ucbvango
ucbvax defrt1!ucbvax
ucbviole defrt1!ucbviole
ucbzabri defrt1!ucbzabri
uccc defrt1!uccc
ucccmvs defrt1!ucccmvs
uccmvsa defrt1!uccmvsa
uccmvsb defrt1!uccmvsb
uccvma bsmtp3!mailer!uccvma
ucdasvm1 bsmtp3!mailer!ucdasvm1
ucdavis bsmtp3!bsmtp!ucdavis
ucdcvdls bsmtp3!mailer!ucdcvdls
ucdhep defrt1!ucdhep
ucf1vm bsmtp3!mailer!ucf1vm
uchastro defrt1!uchastro
uchcec4 defrt1!uchcec4
uchcecvm bsmtp3!mailer!uchcecvm
uchcecvx defrt1!uchcecvx
uchdci01 defrt1!uchdci01
uchdci02 defrt1!uchdci02
uchdciux defrt1!uchdciux
uchicago defrt1!uchicago
uchimvs1 bsmtp3!mailer!uchimvs1
uchistem bsmtp3!mailer!uchistem
uci defrt1!uci
ucicp6 defrt1!ucicp6
ucippro bsmtp3!mailer!ucippro
ucivms defrt1!ucivms
ucivmsa bsmtp3!mailer!ucivmsa
ucivmsc bsmtp3!mailer!ucivmsc
uclaais bsmtp3!mailer!uclaais
uclabio defrt1!uclabio
uclach defrt1!uclach
uclacn1 bsmtp3!mailer!uclacn1
uclaess defrt1!uclaess
uclagsm defrt1!uclagsm
uclahep defrt1!uclahep
uclaiepi defrt1!uclaiepi
uclamvs bsmtp3!mailer!uclamvs
uclamvsx defrt1!uclamvsx
uclaph defrt1!uclaph
uclasp defrt1!uclasp
uclass defrt1!uclass
uclastro defrt1!uclastro
uclatmos defrt1!uclatmos
uclaue defrt1!uclaue
ucolmcc defrt1!ucolmcc
uconnhc defrt1!uconnhc
uconnmvs defrt1!uconnmvs
uconnvm bsmtp3!mailer!uconnvm
ucrphys defrt1!ucrphys
ucrvm2 bsmtp3!mailer!ucrvm2
ucrvms defrt1!ucrvms
ucsbuxa bsmtp3!mailer!ucsbuxa
ucsbuxb bsmtp3!mailer!ucsbuxb
ucsbvm bsmtp3!9526mail!ucsbvm
ucscc defrt1!ucscc
ucsccrli bsmtp3!mailer!ucsccrli
ucsccrlj defrt1!ucsccrlj
ucsccrlp defrt1!ucsccrlp
ucsccrls defrt1!ucsccrls
ucsccrlv defrt1!ucsccrlv
ucscd defrt1!ucscd
ucsce defrt1!ucsce
ucsceris defrt1!ucsceris
ucscf defrt1!ucscf
ucscg defrt1!ucscg
ucsch defrt1!ucsch
ucschu defrt1!ucschu
ucsci defrt1!ucsci
ucscj defrt1!ucscj
ucsck defrt1!ucsck
ucscl defrt1!ucscl
ucsclick defrt1!ucsclick
ucscloa defrt1!ucscloa
ucscm defrt1!ucscm
ucscmvs bsmtp3!cucca!ucscmvs
ucsco defrt1!ucsco
ucscvm bsmtp3!mailer!ucscvm
ucscz defrt1!ucscz
ucsd bsmtp3!mailer!ucsd
ucsdmc bsmtp3!sysm!ucsdmc
ucsdmvsa bsmtp3!mailer!ucsdmvsa
ucsfc255 defrt1!ucsfc255
ucsfc450 defrt1!ucsfc450
ucsfcca defrt1!ucsfcca
ucsfccb defrt1!ucsfccb
ucsfcgl defrt1!ucsfcgl
ucsfcope defrt1!ucsfcope
ucsfhc bsmtp3!mailer!ucsfhc
ucsfkcin defrt1!ucsfkcin
ucsflabm defrt1!ucsflabm
ucsflppi defrt1!ucsflppi
ucsfmis defrt1!ucsfmis
ucsfnmr defrt1!ucsfnmr
ucsfphy defrt1!ucsfphy
ucsfvm bsmtp3!mailer!ucsfvm
ucvvm1 defrt1!ucvvm1
udacsvm bsmtp3!mailer!udacsvm
udcvax defrt1!udcvax
udcvm bsmtp3!mailer!udcvm
udec defrt1!udec
udelvm bsmtp3!mailer!udelvm
udem bsmtp3!mailer!udem
udemav01 defrt1!udemav01
udemsun1 defrt1!udemsun1
udesma defrt1!udesma
udesvm bsmtp3!mailer!udesvm
udlapvms defrt1!udlapvms
ufbiot defrt1!ufbiot
ufcc defrt1!ufcc
ufeng bsmtp3!mailer!ufeng
uffsc bsmtp3!mailer!uffsc
ufoak defrt1!ufoak
ufpine defrt1!ufpine
ufrj bsmtp3!mailer!ufrj
ufrjmcp1 defrt1!ufrjmcp1
ufrjvms1 defrt1!ufrjvms1
ufurp defrt1!ufurp
uga bsmtp3!mailer!uga
ugabus defrt1!ugabus
ugaibm1 defrt1!ugaibm1
ugamusic defrt1!ugamusic
ugaxa bsmtp3!mailtst!ugaxa
uhccmvs bsmtp3!mailer!uhccmvs
uhccvm bsmtp3!mailer!uhccvm
uhccvx defrt1!uhccvx
uhcfht bsmtp3!mailer!uhcfht
uhcl2 defrt1!uhcl2
uhcl4 defrt1!uhcl4
uhcrchvm bsmtp3!mailer!uhcrchvm
uhdbit bsmtp3!smtpuser!uhdbit
uhhepg bsmtp3!smtpuser!uhhepg
uhifa bsmtp3!mailer!uhifa
uhmvax defrt1!uhmvax
uhou bsmtp3!smtpuser!uhou
uhplato bsmtp3!mailer!uhplato
uhunix bsmtp3!mailer!uhunix
uhupvm1 bsmtp3!mailer!uhupvm1
uhvmesa defrt1!uhvmesa
uiamvs bsmtp3!mailer!uiamvs
uiansmx bsmtp3!mailer!uiansmx
uicbal defrt1!uicbal
uicmvs defrt1!uicmvs
uicmvsa defrt1!uicmvsa
uicph1 defrt1!uicph1
uicphy defrt1!uicphy
uicvm bsmtp3!mailer!uicvm
uicvmc bsmtp3!mailer!uicvmc
uicws defrt1!uicws
uiuchepa bsmtp3!mailer!uiuchepa
uiuchepb defrt1!uiuchepb
uiuchepg defrt1!uiuchepg
uiucmrl defrt1!uiucmrl
uiucnpl defrt1!uiucnpl
uiucscs defrt1!uiucscs
uiucscsb defrt1!uiucscsb
uiucscsc defrt1!uiucscsc
uiucscst defrt1!uiucscst
uiucvm42 bsmtp3!mailer!uiucvm42
uiucvmc bsmtp3!mailer!uiucvmc
uiucvmd bsmtp3!mailer!uiucvmd
ujccol bsmtp3!mailer!ujccol
ukacrl bsmtp3!mailer!ukacrl
ukanvax bsmtp3!smtpuser!ukanvax
ukanvm bsmtp3!mailer!ukanvm
ukcc bsmtp3!mailer!ukcc
ukccb defrt1!ukccb
ukma bsmtp3!mailer!ukma
ukpr bsmtp3!mailer!ukpr
ukwang bitnet2!mailer!ukwang
ulkyvm bsmtp3!mailer!ulkyvm
ulkyvx defrt1!ulkyvx
ulkyvx01 defrt1!ulkyvx01
ulkyvx02 bsmtp3!mailer!ulkyvx02
ulkyvx03 bsmtp3!mailer!ulkyvx03
ulkyvx06 bsmtp3!mailer!ulkyvx06
ulvacs defrt1!ulvacs
umab bsmtp3!mailer!umab
umaecs bsmtp3!mailer!umaecs
umass bsmtp3!mailer!umass
umassd bsmtp3!smtpuser!umassd
umassd1 bsmtp3!smtpuser!umassd1
umassd2 bsmtp3!smtpuser!umassd2
umassmed defrt1!umassmed
umbc bsmtp3!mailer!umbc
umbc1 defrt1!umbc1
umbc2 defrt1!umbc2
umbcadmn bsmtp3!mailer!umbcadmn
umccsl1 defrt1!umccsl1
umcecn01 defrt1!umcecn01
umcvmb bsmtp3!mailer!umcvmb
umdacc bsmtp3!mailer!umdacc
umdcyg defrt1!umdcyg
umdd bsmtp3!$mailer!umdd
umdd2 defrt1!umdd2
umdd3 defrt1!umdd3
umdenp bsmtp3!mailer!umdenp
umdhep defrt1!umdhep
umdscvm bsmtp3!mailer!umdscvm
umdscxa defrt1!umdscxa
umdt bsmtp3!$mailer!umdt
umes bsmtp3!$mailer!umes
umhep0 defrt1!umhep0
umhepb defrt1!umhepb
umiami defrt1!umiami
umiami1 defrt1!umiami1
umiami2 defrt1!umiami2
umiamivm defrt1!umiamivm
umichif1 defrt1!umichif1
umichrly bsmtp3!mailer!umichrly
umichrs1 bsmtp3!mailer!umichrs1
umichub defrt1!umichub
umichum defrt1!umichum
uminn1 bsmtp3!mailer!uminn1
uminn2 defrt1!uminn2
umiphys defrt1!umiphys
umkcvax1 bsmtp3!mailer!umkcvax1
umkcvax2 bsmtp3!mailer!umkcvax2
umkcvax3 defrt1!umkcvax3
ummdmr defrt1!ummdmr
ummvsb defrt1!ummvsb
umnacvw bsmtp3!mailer!umnacvw
umnacvx bsmtp3!smtpuser!umnacvx
umnadmin defrt1!umnadmin
umndul defrt1!umndul
umnhcs bsmtp3!mailer!umnhcs
umnhep defrt1!umnhep
umnhsnos defrt1!umnhsnos
umnhsnve bsmtp3!mailer!umnhsnve
umnmor bsmtp3!mailer!umnmor
umnsom bsmtp3!mailer!umnsom
umrvma bsmtp3!mailer!umrvma
umrvmb bsmtp3!mailer!umrvmb
umslvaxa defrt1!umslvaxa
umslvma bsmtp3!mailer!umslvma
umslvmb defrt1!umslvmb
umsmvs defrt1!umsmvs
umsnve defrt1!umsnve
umsphy defrt1!umsphy
umsvm bsmtp3!mailer!umsvm
umuc bsmtp3!mailer!umuc
umvma bsmtp3!mailer!umvma
umvmb bsmtp3!mailer!umvmb
unalcol bsmtp3!mailer!unalcol
unb defrt1!unb
unbmvs1 bsmtp3!mailer!unbmvs1
unbsj defrt1!unbsj
unbvm1 bsmtp3!mailer!unbvm1
unca bsmtp3!smtpuser!unca
uncabit bsmtp3!mailer!uncabit
uncacdc defrt1!uncacdc
uncaedu bsmtp3!mailer!uncaedu
uncamult defrt1!uncamult
uncanet bsmtp3!mailer!uncanet
uncanve bsmtp3!mailer!uncanve
unccvm bsmtp3!mailer!unccvm
uncg bsmtp3!smtpuser!uncg
uncgacc defrt1!uncgacc
uncgadc defrt1!uncgadc
uncwil bsmtp3!mailer!uncwil
undhep defrt1!undhep
undjes2 defrt1!undjes2
unf1vm bsmtp3!mailer!unf1vm
unfvm bsmtp3!mailer!unfvm
unicc defrt1!unicc
unido defrt1!unido
unido1 defrt1!unido1
union defrt1!union
univm1 defrt1!univm1
univscvm bsmtp3!mailer!univscvm
univscvs defrt1!univscvs
unladvax defrt1!unladvax
unlamc defrt1!unlamc
unlpdvax defrt1!unlpdvax
unltcvax defrt1!unltcvax
unlvax1 bsmtp3!smtpuser!unlvax1
unlvax3 defrt1!unlvax3
unlvax4 defrt1!unlvax4
unlvm bsmtp3!bitmail!unlvm
unmb defrt1!unmb
unmcvm bsmtp3!mailer!unmcvm
unmvm bsmtp3!mailer!unmvm
unmvma bsmtp3!mailer!unmvma
unortev2 bsmtp3!mailer!unortev2
unortevm bsmtp3!mailer!unortevm
unsvax bsmtp3!mailer!unsvax
untvax bsmtp3!mailer!untvax
untvm1 bsmtp3!mailer!untvm1
uofmcc bsmtp3!mailer!uofmcc
uofmccu defrt1!uofmccu
uofport defrt1!uofport
uoft01 bsmtp3!mailer!uoft01
uoft02 bsmtp3!mailer!uoft02
uoguelph bsmtp3!mailer!uoguelph
uokecn defrt1!uokecn
uokgcn defrt1!uokgcn
uokmvsa bsmtp3!mailer!uokmvsa
uokniels bsmtp3!mailer!uokniels
uokucsvx defrt1!uokucsvx
uorchem bsmtp3!mailer!uorchem
uordb1 bsmtp3!mailer!uordb1
uordb2 bsmtp3!mailer!uordb2
uordb3 bsmtp3!mailer!uordb3
uordb4 bsmtp3!mailer!uordb4
uordb5 bsmtp3!mailer!uordb5
uordb6 bsmtp3!mailer!uordb6
uordb7 bsmtp3!mailer!uordb7
uordbv bsmtp3!mailer!uordbv
uorgsm bsmtp3!mailer!uorgsm
uorhep defrt1!uorhep
uormvs defrt1!uormvs
uornsrl bsmtp3!mailer!uornsrl
uoropt bsmtp3!mailer!uoropt
uorpas defrt1!uorpas
uorvm bsmtp3!mailer!uorvm
uotadm02 defrt1!uotadm02
uotcsi2 defrt1!uotcsi2
uotelg01 defrt1!uotelg01
uottawa bsmtp3!mailer!uottawa
uotvm defrt1!uotvm
upr1 defrt1!upr1
uprenet defrt1!uprenet
uqam bsmtp3!mailer!uqam
uregina1 bsmtp3!mailer!uregina1
ureginav defrt1!ureginav
urfingvm defrt1!urfingvm
uriacc bsmtp3!mailer!uriacc
ursinus bsmtp3!mailer!ursinus
urslib bsmtp3!mailer!urslib
ursr2d2 bsmtp3!mailer!ursr2d2
urvax bsmtp3!smtpuser!urvax
usachvm1 bsmtp3!mailer!usachvm1
usb defrt1!usb
uscmvsa bsmtp3!mailer!uscmvsa
uscn defrt1!uscn
uscvm bsmtp3!mailer!uscvm
usgsresv defrt1!usgsresv
usouthal bsmtp3!mailer!usouthal
ustcc2 defrt1!ustcc2
usthk defrt1!usthk
usu bsmtp3!smtpuser!usu
usuhs defrt1!usuhs
usuhsb defrt1!usuhsb
utadnx bsmtp3!smtpuser!utadnx
utahadm defrt1!utahadm
utahaix defrt1!utahaix
utahcca bsmtp3!smtpuser!utahcca
utahlib bsmtp3!mailer!utahlib
utahmed defrt1!utahmed
utahres defrt1!utahres
utahusi bsmtp3!mailer!utahusi
utanor defrt1!utanor
utaphy defrt1!utaphy
utarlg bsmtp3!mailer!utarlg
utarlvm1 bsmtp3!mailer!utarlvm1
utavax defrt1!utavax
utavms defrt1!utavms
utb defrt1!utb
utcmusic defrt1!utcmusic
utcvm bsmtp3!mailer!utcvm
utdallas bsmtp3!mailer!utdallas
utep bsmtp3!mailer!utep
utepa bsmtp3!mailer!utepa
utepd defrt1!utepd
utfsm bsmtp3!mailer!utfsm
utgate defrt1!utgate
uthermes bsmtp3!mailer!uthermes
uthou defrt1!uthou
uthscsa bsmtp3!mailer!uthscsa
uthscsa1 defrt1!uthscsa1
uthvm1 bsmtp3!mailer!uthvm1
utkvm1 bsmtp3!mailer!utkvm1
utkvx bsmtp3!mailer!utkvx
utkvx1 defrt1!utkvx1
utkvx2 defrt1!utkvx2
utkvx3 defrt1!utkvx3
utkvx4 defrt1!utkvx4
utmartn bsmtp3!mailer!utmartn
utmartnv bsmtp3!mailer!utmartnv
utmbeach defrt1!utmbeach
utmbvm1 bsmtp3!mailer!utmbvm1
utmdah defrt1!utmdah
utmdaph2 defrt1!utmdaph2
utmdaphy defrt1!utmdaphy
utmem1 defrt1!utmem1
utmem2 defrt1!utmem2
utmem3 defrt1!utmem3
utmem4 defrt1!utmem4
utmjb bsmtp3!mailer!utmjb
utmkl bsmtp3!mailer!utmkl
utmsi defrt1!utmsi
utopvm bsmtp3!mailer!utopvm
utorant bsmtp3!mailer!utorant
utorclsc defrt1!utorclsc
utordent defrt1!utordent
utordop bsmtp3!mailer!utordop
utorgpu bsmtp3!mailer!utorgpu
utormcl1 defrt1!utormcl1
utormed defrt1!utormed
utormvsb defrt1!utormvsb
utoroci defrt1!utoroci
utoroci1 defrt1!utoroci
utoroci2 defrt1!utoroci
utoroci3 defrt1!utoroci
utoroci4 defrt1!utoroci
utoroise defrt1!utoroise
utoronto bsmtp3!mailer!utoronto
utorphys defrt1!utorphys
utorscs defrt1!utorscs
utorscs1 defrt1!utorscs1
utorugw bsmtp3!mailer!utorugw
utorvm defrt1!utorvm
utpb defrt1!utpb
utpvm1 bsmtp3!mailer!utpvm1
utsa86 defrt1!utsa86
utsavm1 bsmtp3!mailer!utsavm1
utsiv1 defrt1!utsiv1
utsph defrt1!utsph
utsw defrt1!utsw
uttyl defrt1!uttyl
utxdp defrt1!utxdp
utxvm bsmtp3!xwell!utxvm
utxvms bsmtp3!smtpuser!utxvms
uucpgate bsmtp3!mailer!uucpgate
uva bsmtp3!mailer!uva
uvmadmin bsmtp3!mailer!uvmadmin
uvmvax bsmtp3!smtpuser!uvmvax
uvmvm bsmtp3!mailer!uvmvm
uvphys defrt1!uvphys
uvsol defrt1!uvsol
uvunix defrt1!uvunix
uvvm bsmtp3!mailer!uvvm
uvvmy defrt1!uvvmy
uwachem defrt1!uwachem
uwaeng bsmtp3!mailer!uwaeng
uwajanus bsmtp3!smtpuser!uwajanus
uwalocke bsmtp3!smtpuser!uwalocke
uwamvs1 bsmtp3!mailer!uwamvs1
uwapa2 defrt1!uwapa2
uwaphast bsmtp3!smtpuser!uwaphast
uwash defrt1!uwash
uwavm bsmtp3!mailer!uwavm
uwavmxa bsmtp3!mailer!uwavmxa
uwcheme defrt1!uwcheme
uwec defrt1!uwec
uwecvaxa bsmtp3!smtpuser!uwecvaxa
uwecvaxc defrt1!uwecvaxc
uwf bsmtp3!mailer!uwf
uwlax defrt1!uwlax
uwlaxa defrt1!uwlaxa
uwlaxb defrt1!uwlaxb
uwpg02 bsmtp3!smtpuser!uwpg02
uwplatt defrt1!uwplatt
uwstout bsmtp3!smtpuser!uwstout
vandvms1 defrt1!vandvms1
vassar defrt1!vassar
vaxsar defrt1!vaxsar
vccscent bsmtp3!mailer!vccscent
vcujade defrt1!vcujade
vcumvs defrt1!vcumvs
vcuruby bsmtp3!mailer!vcuruby
vcuvax defrt1!vcuvax
vcuvm1 defrt1!vcuvm1
vdh bsmtp3!mailer!vdh
vers9310 defrt1!vers9310
villemc2 defrt1!villemc2
villvm bsmtp3!mailer!villvm
vilspa defrt1!vilspa
vilvax defrt1!vilvax
violet bsmtp3!smtpuser!violet
virginia bsmtp3!mailer!virginia
virgo bsmtp3!pmdf!virgo
vivian defrt1!vivian
vmtecchi bsmtp3!mailer!vmtecchi
vmtecleo bsmtp3!mailer!vmtecleo
vmtecmex bsmtp3!mailer!vmtecmex
vmtecqr2 bsmtp3!mailer!vmtecqr2
vmtecqro bsmtp3!mailer!vmtecqro
vmtecslp bsmtp3!mailer!vmtecslp
vmtectol bsmtp3!mailer!vmtectol
vmvm defrt1!bitnic
vnet defrt1!vnet
vnetgate defrt1!vnetgate
volcani defrt1!volcani
voodoo bsmtp3!mailer!voodoo
vpics1 defrt1!vpics1
vpisda defrt1!vpisda
vpivax3 defrt1!vpivax3
vpivax4 defrt1!vpivax4
vpivax5 defrt1!vpivax5
vpivm1 defrt1!vpivm1
vpivm2 defrt1!vpivm2
vpivm3 defrt1!vpivm3
vscnet bsmtp3!mailer!vscnet
vtbit bsmtp3!mailbit!vtbit
vtcc1 bsmtp3!mailer!vtcc1
vtcnsvm1 bsmtp3!mailer!vtcnsvm1
vtcs1 defrt1!vtcs1
vthcl defrt1!vthcl
vtinte defrt1!vtinte
vtmath defrt1!vtmath
vtme defrt1!vtme
vtmsl bsmtp3!mailer!vtmsl
vtpooh defrt1!vtpooh
vtsda defrt1!vtsda
vtvax3 defrt1!vtvax3
vtvax5 defrt1!vtvax5
vtvm1 bsmtp3!mailer!vtvm1
vtvm2 bsmtp3!mailer!vtvm2
vtvm3 defrt1!vtvm3
vuctrvax bsmtp3!mailer!vuctrvax
vuctrvx1 defrt1!vuctrvx1
vuctrvx2 defrt1!vuctrvx2
vuengvax defrt1!vuengvax
vuhep defrt1!vuhep
vulhmrba defrt1!vulhmrba
vuphyv01 defrt1!vuphyv01
vuvaxcom defrt1!vuvaxcom
wabash bsmtp3!mailer!wabash
watacs bsmtp3!acsmail!watacs
watcsg bsmtp3!mailer!watcsg
watdcs bsmtp3!dcsmail!watdcs
water defrt1!water
watson defrt1!watson
waynemts bitnet2!mailer!waynemts
waynest1 bsmtp3!mailer!waynest1
waynestt bsmtp3!mailer!waynestt
wbwvm defrt1!wbwvm
wcc defrt1!wcc
wchester bsmtp3!mailer!wchester
wchrulst bsmtp3!mailer!wchrulst
wcu bsmtp3!mailer!wcu
wcuvax1 bsmtp3!mailer!wcuvax1
weizmann bsmtp3!vmmail!weizmann
wesleyan bsmtp3!mailer!wesleyan
williama defrt1!williama
williamb defrt1!williamb
williams defrt1!williams
wingra bsmtp3!mailer!wingra
wiscage defrt1!wiscage
wisccde defrt1!wisccde
wiscgamo defrt1!wiscgamo
wiscgate defrt1!wiscps
wiscirp2 defrt1!wiscirp2
wiscmac1 defrt1!wiscmac1
wiscmac2 defrt1!wiscmac2
wiscmac3 defrt1!wiscmac3
wiscmac5 defrt1!wiscmac5
wiscmacc defrt1!wiscmacc
wiscnuc defrt1!wiscnuc
wiscphen defrt1!wiscphen
wiscps defrt1!wiscps
wiscpsl defrt1!wiscpsl
wiscpsla defrt1!wiscpsla
wiscpslb defrt1!wiscpslb
wiscpslc defrt1!wiscpslc
wiscrmh1 defrt1!wiscrmh1
wiscsoc defrt1!wiscsoc
wiscssc bsmtp3!mailer!wiscssc
wisdom defrt1!wisdom
wishep defrt1!wishep
wiswic defrt1!wiswic
wittenbg defrt1!wittenbg
wkuvx1 bsmtp3!mxmailer!wkuvx1
wkyuvm bsmtp3!mailer!wkyuvm
wmheg defrt1!wmheg
wmmvs bsmtp3!mailer!wmmvs
wmvm1 bsmtp3!mailer!wmvm1
wnec bsmtp3!smtpuser!wnec
wooster bsmtp3!mailer!wooster
wrlcvm bsmtp3!smtp!wrlcvm
wsu bsmtp3!mailer!wsu
wsumath defrt1!wsumath
wsuvm1 bsmtp3!vm1mail!wsuvm1
wsuvms1 defrt1!wsuvms1
wublue defrt1!wublue
wuchem defrt1!wuchem
wugold defrt1!wugold
wugreen defrt1!wugreen
wulibs defrt1!wulibs
wunet bsmtp3!smtpuser!wunet
wuolin defrt1!wuolin
wustlb defrt1!wustlb
wuvma defrt1!wuvma
wuvmc defrt1!wuvmc
wuvmd bsmtp3!lmail!wuvmd
wuvme defrt1!wuvme
wuvmf defrt1!wuvmf
wvnbsc defrt1!wvnbsc
wvnbsc2 defrt1!wvnbsc2
wvnbscgc defrt1!wvnbscgc
wvncc defrt1!wvncc
wvncoe defrt1!wvncoe
wvnfsc defrt1!wvnfsc
wvnfsc2 defrt1!wvnfsc2
wvngsc defrt1!wvngsc
wvnmvs defrt1!wvnmvs
wvnncc defrt1!wvnncc
wvnpsc defrt1!wvnpsc
wvnroute defrt1!wvnroute
wvnrtc defrt1!wvnrtc
wvnsc defrt1!wvnsc
wvnscc defrt1!wvnscc
wvnscus defrt1!wvnscus
wvnsvc defrt1!wvnsvc
wvnvaxa bsmtp3!mailer!wvnvaxa
wvnvaxb defrt1!wvnvaxb
wvnvm bsmtp3!mailer!wvnvm
wvnvms bsmtp3!mailer!wvnvms
wvnwlsc defrt1!wvnwlsc
wvnwvit defrt1!wvnwvit
wvnwvsc defrt1!wvnwvsc
wvnwvsom defrt1!wvnwvsom
wvnwvup defrt1!wvnwvup
xavier defrt1!xavier
xhmeia defrt1!xhmeia
yalastro defrt1!yalastro
yaleads bsmtp3!mailer!yaleads
yalecs bsmtp3!mailer!yalecs
yalehask defrt1!yalehask
yalehep defrt1!yalehep
yalemed bsmtp3!mailer!yalemed
yalemvs defrt1!yalemvs
yalevm bsmtp3!mailer!yalevm
yalevms bsmtp3!mailer!yalevms
yalph2 defrt1!yalph2
yellow bsmtp3!smtpuser!yellow
yktvmh defrt1!yktvmh
yktvmh2 defrt1!yktvmh2
yktvmh3 defrt1!yktvmh3
yktvmt defrt1!yktvmt
yktvmv defrt1!yktvmv
yktvmx defrt1!yktvmx
yktvmz defrt1!yktvmz
ymir bsmtp3!smtpuser!ymir
yorkvm1 bsmtp3!mailer!yorkvm1
yorkvm2 bsmtp3!mailer!yorkvm2
ysua defrt1!ysua
ysub bsmtp3!mailer!ysub
yubgef51 bsmtp3!mailer!yubgef51
yubgss21 bsmtp3!mailer!yubgss21
yulibra defrt1!yulibra
yuljjs51 defrt1!yuljjs51
yuorion defrt1!yuorion
yusol defrt1!yusol
yuvenus defrt1!yuvenus
yuyetti defrt1!yuyetti
yuzgrb51 defrt1!yuzgrb51
yuzgsc21 defrt1!yuzgsc21
zodiac defrt1!zodiac
zurich defrt1!zurich
zurlvm1 defrt1!zurlvm1
